{"meta": {"format": 3, "version": "7.13.5", "timestamp": "2026-04-15T20:03:40.415756", "branch_coverage": false, "show_contexts": false}, "files": {"exchange\\__init__.py": {"executed_lines": [], "summary": {"covered_lines": 0, "num_statements": 0, "percent_covered": 100.0, "percent_covered_display": "100", "missing_lines": 0, "excluded_lines": 0, "percent_statements_covered": 100.0, "percent_statements_covered_display": "100"}, "missing_lines": [], "excluded_lines": [], "functions": {"": {"executed_lines": [], "summary": {"covered_lines": 0, "num_statements": 0, "percent_covered": 100.0, "percent_covered_display": "100", "missing_lines": 0, "excluded_lines": 0, "percent_statements_covered": 100.0, "percent_statements_covered_display": "100"}, "missing_lines": [], "excluded_lines": [], "start_line": 1}}, "classes": {"": {"executed_lines": [], "summary": {"covered_lines": 0, "num_statements": 0, "percent_covered": 100.0, "percent_covered_display": "100", "missing_lines": 0, "excluded_lines": 0, "percent_statements_covered": 100.0, "percent_statements_covered_display": "100"}, "missing_lines": [], "excluded_lines": [], "start_line": 1}}}, "exchange\\bybit_client.py": {"executed_lines": [30, 32, 33, 34, 35, 37, 39, 40, 41, 52, 53, 55, 56, 61, 72, 73, 74, 75, 76, 80, 86, 88, 89, 91, 92, 94, 95, 103, 105, 107, 108, 110, 111, 113, 114, 116, 121, 125, 136, 138, 139, 141, 142, 144, 145, 146, 147, 148, 149, 151, 153, 161, 170, 172, 174, 175, 177, 179, 180, 182, 184, 185, 187, 189, 190, 197, 199, 201, 203, 204, 206, 207, 208, 209, 210, 212, 217, 221, 222, 223, 229, 230, 231, 232, 233, 235, 236, 249, 251, 253, 254, 255, 257, 258, 259, 261, 262, 263, 264, 266, 267, 271], "summary": {"covered_lines": 102, "num_statements": 122, "percent_covered": 83.60655737704919, "percent_covered_display": "84", "missing_lines": 20, "excluded_lines": 0, "percent_statements_covered": 83.60655737704919, "percent_statements_covered_display": "84"}, "missing_lines": [54, 57, 58, 143, 213, 214, 215, 218, 219, 225, 226, 227, 237, 238, 239, 245, 246, 247, 265, 269], "excluded_lines": [], "functions": {"_to_decimal": {"executed_lines": [53, 55, 56], "summary": {"covered_lines": 3, "num_statements": 6, "percent_covered": 50.0, "percent_covered_display": "50", "missing_lines": 3, "excluded_lines": 0, "percent_statements_covered": 50.0, "percent_statements_covered_display": "50"}, "missing_lines": [54, 57, 58], "excluded_lines": [], "start_line": 52}, "BybitClient.__init__": {"executed_lines": [73, 74, 75, 76, 80, 86, 88, 89, 91, 92, 94, 95], "summary": {"covered_lines": 12, "num_statements": 12, "percent_covered": 100.0, "percent_covered_display": "100", "missing_lines": 0, "excluded_lines": 0, "percent_statements_covered": 100.0, "percent_statements_covered_display": "100"}, "missing_lines": [], "excluded_lines": [], "start_line": 72}, "BybitClient.fetch_order_book": {"executed_lines": [105, 107, 108, 110, 111, 113, 114, 116, 121, 125], "summary": {"covered_lines": 10, "num_statements": 10, "percent_covered": 100.0, "percent_covered_display": "100", "missing_lines": 0, "excluded_lines": 0, "percent_statements_covered": 100.0, "percent_statements_covered_display": "100"}, "missing_lines": [], "excluded_lines": [], "start_line": 103}, "BybitClient.fetch_balance": {"executed_lines": [138, 139, 141, 142, 144, 145, 146, 147, 148, 149, 151], "summary": {"covered_lines": 11, "num_statements": 12, "percent_covered": 91.66666666666667, "percent_covered_display": "92", "missing_lines": 1, "excluded_lines": 0, "percent_statements_covered": 91.66666666666667, "percent_statements_covered_display": "92"}, "missing_lines": [143], "excluded_lines": [], "start_line": 136}, "BybitClient.create_limit_ioc_order": {"executed_lines": [161, 170], "summary": {"covered_lines": 2, "num_statements": 2, "percent_covered": 100.0, "percent_covered_display": "100", "missing_lines": 0, "excluded_lines": 0, "percent_statements_covered": 100.0, "percent_statements_covered_display": "100"}, "missing_lines": [], "excluded_lines": [], "start_line": 153}, "BybitClient.create_market_order": {"executed_lines": [174, 175], "summary": {"covered_lines": 2, "num_statements": 2, "percent_covered": 100.0, "percent_covered_display": "100", "missing_lines": 0, "excluded_lines": 0, "percent_statements_covered": 100.0, "percent_statements_covered_display": "100"}, "missing_lines": [], "excluded_lines": [], "start_line": 172}, "BybitClient.cancel_order": {"executed_lines": [179, 180], "summary": {"covered_lines": 2, "num_statements": 2, "percent_covered": 100.0, "percent_covered_display": "100", "missing_lines": 0, "excluded_lines": 0, "percent_statements_covered": 100.0, "percent_statements_covered_display": "100"}, "missing_lines": [], "excluded_lines": [], "start_line": 177}, "BybitClient.fetch_order_status": {"executed_lines": [184, 185], "summary": {"covered_lines": 2, "num_statements": 2, "percent_covered": 100.0, "percent_covered_display": "100", "missing_lines": 0, "excluded_lines": 0, "percent_statements_covered": 100.0, "percent_statements_covered_display": "100"}, "missing_lines": [], "excluded_lines": [], "start_line": 182}, "BybitClient.get_trading_fees": {"executed_lines": [189, 190], "summary": {"covered_lines": 2, "num_statements": 2, "percent_covered": 100.0, "percent_covered_display": "100", "missing_lines": 0, "excluded_lines": 0, "percent_statements_covered": 100.0, "percent_statements_covered_display": "100"}, "missing_lines": [], "excluded_lines": [], "start_line": 187}, "BybitClient._call": {"executed_lines": [199, 201, 203, 204, 206, 207, 208, 209, 210, 212, 217, 221, 222, 223], "summary": {"covered_lines": 14, "num_statements": 22, "percent_covered": 63.63636363636363, "percent_covered_display": "64", "missing_lines": 8, "excluded_lines": 0, "percent_statements_covered": 63.63636363636363, "percent_statements_covered_display": "64"}, "missing_lines": [213, 214, 215, 218, 219, 225, 226, 227], "excluded_lines": [], "start_line": 197}, "BybitClient._consume_weight": {"executed_lines": [230, 231, 232, 233, 235, 236, 249], "summary": {"covered_lines": 7, "num_statements": 13, "percent_covered": 53.84615384615385, "percent_covered_display": "54", "missing_lines": 6, "excluded_lines": 0, "percent_statements_covered": 53.84615384615385, "percent_statements_covered_display": "54"}, "missing_lines": [237, 238, 239, 245, 246, 247], "excluded_lines": [], "start_line": 229}, "BybitClient._normalise_order": {"executed_lines": [253, 254, 255, 257, 258, 259, 261, 262, 263, 264, 266, 267, 271], "summary": {"covered_lines": 13, "num_statements": 15, "percent_covered": 86.66666666666667, "percent_covered_display": "87", "missing_lines": 2, "excluded_lines": 0, "percent_statements_covered": 86.66666666666667, "percent_statements_covered_display": "87"}, "missing_lines": [265, 269], "excluded_lines": [], "start_line": 251}, "": {"executed_lines": [30, 32, 33, 34, 35, 37, 39, 40, 41, 52, 61, 72, 103, 136, 153, 172, 177, 182, 187, 197, 229, 251], "summary": {"covered_lines": 22, "num_statements": 22, "percent_covered": 100.0, "percent_covered_display": "100", "missing_lines": 0, "excluded_lines": 0, "percent_statements_covered": 100.0, "percent_statements_covered_display": "100"}, "missing_lines": [], "excluded_lines": [], "start_line": 1}}, "classes": {"BybitClient": {"executed_lines": [73, 74, 75, 76, 80, 86, 88, 89, 91, 92, 94, 95, 105, 107, 108, 110, 111, 113, 114, 116, 121, 125, 138, 139, 141, 142, 144, 145, 146, 147, 148, 149, 151, 161, 170, 174, 175, 179, 180, 184, 185, 189, 190, 199, 201, 203, 204, 206, 207, 208, 209, 210, 212, 217, 221, 222, 223, 230, 231, 232, 233, 235, 236, 249, 253, 254, 255, 257, 258, 259, 261, 262, 263, 264, 266, 267, 271], "summary": {"covered_lines": 77, "num_statements": 94, "percent_covered": 81.91489361702128, "percent_covered_display": "82", "missing_lines": 17, "excluded_lines": 0, "percent_statements_covered": 81.91489361702128, "percent_statements_covered_display": "82"}, "missing_lines": [143, 213, 214, 215, 218, 219, 225, 226, 227, 237, 238, 239, 245, 246, 247, 265, 269], "excluded_lines": [], "start_line": 61}, "": {"executed_lines": [30, 32, 33, 34, 35, 37, 39, 40, 41, 52, 53, 55, 56, 61, 72, 103, 136, 153, 172, 177, 182, 187, 197, 229, 251], "summary": {"covered_lines": 25, "num_statements": 28, "percent_covered": 89.28571428571429, "percent_covered_display": "89", "missing_lines": 3, "excluded_lines": 0, "percent_statements_covered": 89.28571428571429, "percent_statements_covered_display": "89"}, "missing_lines": [54, 57, 58], "excluded_lines": [], "start_line": 1}}}, "exchange\\client.py": {"executed_lines": [13, 15, 16, 17, 18, 20, 22, 23, 24, 36, 38, 39, 40, 41, 42, 43, 46, 51, 52, 53, 54, 55, 59, 60, 61, 63, 64, 70, 74, 76, 77, 79, 80, 82, 83, 85, 90, 94, 105, 109, 110, 112, 113, 115, 116, 117, 118, 119, 120, 122, 123, 125, 135, 144, 146, 150, 151, 153, 155, 156, 158, 160, 161, 163, 167, 168, 173, 183, 185, 187, 188, 190, 191, 192, 193, 194, 195, 197, 198, 199, 200, 202, 203, 204, 206, 207, 208, 210, 211, 212, 214, 218, 219, 220, 221, 223, 224, 225, 226, 227, 233, 234, 235, 237, 239, 241, 242, 243, 245, 246, 247, 249, 250, 251, 252, 253, 254, 255, 257, 259], "summary": {"covered_lines": 120, "num_statements": 121, "percent_covered": 99.17355371900827, "percent_covered_display": "99", "missing_lines": 1, "excluded_lines": 0, "percent_statements_covered": 99.17355371900827, "percent_statements_covered_display": "99"}, "missing_lines": [114], "excluded_lines": [], "functions": {"_to_decimal": {"executed_lines": [38, 39, 40, 41, 42, 43], "summary": {"covered_lines": 6, "num_statements": 6, "percent_covered": 100.0, "percent_covered_display": "100", "missing_lines": 0, "excluded_lines": 0, "percent_statements_covered": 100.0, "percent_statements_covered_display": "100"}, "missing_lines": [], "excluded_lines": [], "start_line": 36}, "ExchangeClient.__init__": {"executed_lines": [52, 53, 54, 55, 59, 60, 61, 63, 64], "summary": {"covered_lines": 9, "num_statements": 9, "percent_covered": 100.0, "percent_covered_display": "100", "missing_lines": 0, "excluded_lines": 0, "percent_statements_covered": 100.0, "percent_statements_covered_display": "100"}, "missing_lines": [], "excluded_lines": [], "start_line": 51}, "ExchangeClient.fetch_order_book": {"executed_lines": [74, 76, 77, 79, 80, 82, 83, 85, 90, 94], "summary": {"covered_lines": 10, "num_statements": 10, "percent_covered": 100.0, "percent_covered_display": "100", "missing_lines": 0, "excluded_lines": 0, "percent_statements_covered": 100.0, "percent_statements_covered_display": "100"}, "missing_lines": [], "excluded_lines": [], "start_line": 70}, "ExchangeClient.fetch_balance": {"executed_lines": [109, 110, 112, 113, 115, 116, 117, 118, 119, 120, 122, 123], "summary": {"covered_lines": 12, "num_statements": 13, "percent_covered": 92.3076923076923, "percent_covered_display": "92", "missing_lines": 1, "excluded_lines": 0, "percent_statements_covered": 92.3076923076923, "percent_statements_covered_display": "92"}, "missing_lines": [114], "excluded_lines": [], "start_line": 105}, "ExchangeClient.create_limit_ioc_order": {"executed_lines": [135, 144], "summary": {"covered_lines": 2, "num_statements": 2, "percent_covered": 100.0, "percent_covered_display": "100", "missing_lines": 0, "excluded_lines": 0, "percent_statements_covered": 100.0, "percent_statements_covered_display": "100"}, "missing_lines": [], "excluded_lines": [], "start_line": 125}, "ExchangeClient.create_market_order": {"executed_lines": [150, 151], "summary": {"covered_lines": 2, "num_statements": 2, "percent_covered": 100.0, "percent_covered_display": "100", "missing_lines": 0, "excluded_lines": 0, "percent_statements_covered": 100.0, "percent_statements_covered_display": "100"}, "missing_lines": [], "excluded_lines": [], "start_line": 146}, "ExchangeClient.cancel_order": {"executed_lines": [155, 156], "summary": {"covered_lines": 2, "num_statements": 2, "percent_covered": 100.0, "percent_covered_display": "100", "missing_lines": 0, "excluded_lines": 0, "percent_statements_covered": 100.0, "percent_statements_covered_display": "100"}, "missing_lines": [], "excluded_lines": [], "start_line": 153}, "ExchangeClient.fetch_order_status": {"executed_lines": [160, 161], "summary": {"covered_lines": 2, "num_statements": 2, "percent_covered": 100.0, "percent_covered_display": "100", "missing_lines": 0, "excluded_lines": 0, "percent_statements_covered": 100.0, "percent_statements_covered_display": "100"}, "missing_lines": [], "excluded_lines": [], "start_line": 158}, "ExchangeClient.get_trading_fees": {"executed_lines": [167, 168], "summary": {"covered_lines": 2, "num_statements": 2, "percent_covered": 100.0, "percent_covered_display": "100", "missing_lines": 0, "excluded_lines": 0, "percent_statements_covered": 100.0, "percent_statements_covered_display": "100"}, "missing_lines": [], "excluded_lines": [], "start_line": 163}, "ExchangeClient._call": {"executed_lines": [183, 185, 187, 188, 190, 191, 192, 193, 194, 195, 197, 198, 199, 200, 202, 203, 204, 206, 207, 208, 210, 211, 212], "summary": {"covered_lines": 23, "num_statements": 23, "percent_covered": 100.0, "percent_covered_display": "100", "missing_lines": 0, "excluded_lines": 0, "percent_statements_covered": 100.0, "percent_statements_covered_display": "100"}, "missing_lines": [], "excluded_lines": [], "start_line": 173}, "ExchangeClient._consume_weight": {"executed_lines": [218, 219, 220, 221, 223, 224, 225, 226, 227, 233, 234, 235, 237], "summary": {"covered_lines": 13, "num_statements": 13, "percent_covered": 100.0, "percent_covered_display": "100", "missing_lines": 0, "excluded_lines": 0, "percent_statements_covered": 100.0, "percent_statements_covered_display": "100"}, "missing_lines": [], "excluded_lines": [], "start_line": 214}, "ExchangeClient._normalise_order": {"executed_lines": [241, 242, 243, 245, 246, 247, 249, 250, 251, 252, 253, 254, 255, 257, 259], "summary": {"covered_lines": 15, "num_statements": 15, "percent_covered": 100.0, "percent_covered_display": "100", "missing_lines": 0, "excluded_lines": 0, "percent_statements_covered": 100.0, "percent_statements_covered_display": "100"}, "missing_lines": [], "excluded_lines": [], "start_line": 239}, "": {"executed_lines": [13, 15, 16, 17, 18, 20, 22, 23, 24, 36, 46, 51, 70, 105, 125, 146, 153, 158, 163, 173, 214, 239], "summary": {"covered_lines": 22, "num_statements": 22, "percent_covered": 100.0, "percent_covered_display": "100", "missing_lines": 0, "excluded_lines": 0, "percent_statements_covered": 100.0, "percent_statements_covered_display": "100"}, "missing_lines": [], "excluded_lines": [], "start_line": 1}}, "classes": {"ExchangeClient": {"executed_lines": [52, 53, 54, 55, 59, 60, 61, 63, 64, 74, 76, 77, 79, 80, 82, 83, 85, 90, 94, 109, 110, 112, 113, 115, 116, 117, 118, 119, 120, 122, 123, 135, 144, 150, 151, 155, 156, 160, 161, 167, 168, 183, 185, 187, 188, 190, 191, 192, 193, 194, 195, 197, 198, 199, 200, 202, 203, 204, 206, 207, 208, 210, 211, 212, 218, 219, 220, 221, 223, 224, 225, 226, 227, 233, 234, 235, 237, 241, 242, 243, 245, 246, 247, 249, 250, 251, 252, 253, 254, 255, 257, 259], "summary": {"covered_lines": 92, "num_statements": 93, "percent_covered": 98.9247311827957, "percent_covered_display": "99", "missing_lines": 1, "excluded_lines": 0, "percent_statements_covered": 98.9247311827957, "percent_statements_covered_display": "99"}, "missing_lines": [114], "excluded_lines": [], "start_line": 46}, "": {"executed_lines": [13, 15, 16, 17, 18, 20, 22, 23, 24, 36, 38, 39, 40, 41, 42, 43, 46, 51, 70, 105, 125, 146, 153, 158, 163, 173, 214, 239], "summary": {"covered_lines": 28, "num_statements": 28, "percent_covered": 100.0, "percent_covered_display": "100", "missing_lines": 0, "excluded_lines": 0, "percent_statements_covered": 100.0, "percent_statements_covered_display": "100"}, "missing_lines": [], "excluded_lines": [], "start_line": 1}}}, "exchange\\order_book.py": {"executed_lines": [12, 14, 15, 18, 21, 22, 23, 24, 27, 32, 33, 34, 35, 36, 38, 42, 43, 44, 45, 47, 48, 49, 51, 52, 53, 54, 55, 56, 58, 59, 61, 63, 67, 68, 69, 70, 71, 72, 74, 79, 80, 81, 83, 84, 85, 87, 88, 89, 90, 92, 99, 112, 113, 114, 116, 123, 124, 126, 127, 128, 129, 131, 132, 133, 134, 143, 145, 147, 148, 149, 151, 153], "summary": {"covered_lines": 72, "num_statements": 72, "percent_covered": 100.0, "percent_covered_display": "100", "missing_lines": 0, "excluded_lines": 0, "percent_statements_covered": 100.0, "percent_statements_covered_display": "100"}, "missing_lines": [], "excluded_lines": [], "functions": {"OrderBookAnalyzer.__init__": {"executed_lines": [33, 34, 35, 36], "summary": {"covered_lines": 4, "num_statements": 4, "percent_covered": 100.0, "percent_covered_display": "100", "missing_lines": 0, "excluded_lines": 0, "percent_statements_covered": 100.0, "percent_statements_covered_display": "100"}, "missing_lines": [], "excluded_lines": [], "start_line": 32}, "OrderBookAnalyzer.vwap_to_fill": {"executed_lines": [42, 43, 44, 45, 47, 48, 49, 51, 52, 53, 54, 55, 56, 58, 59, 61], "summary": {"covered_lines": 16, "num_statements": 16, "percent_covered": 100.0, "percent_covered_display": "100", "missing_lines": 0, "excluded_lines": 0, "percent_statements_covered": 100.0, "percent_statements_covered_display": "100"}, "missing_lines": [], "excluded_lines": [], "start_line": 38}, "OrderBookAnalyzer.book_imbalance": {"executed_lines": [67, 68, 69, 70, 71, 72], "summary": {"covered_lines": 6, "num_statements": 6, "percent_covered": 100.0, "percent_covered_display": "100", "missing_lines": 0, "excluded_lines": 0, "percent_statements_covered": 100.0, "percent_statements_covered_display": "100"}, "missing_lines": [], "excluded_lines": [], "start_line": 63}, "OrderBookAnalyzer.depth_at_bps": {"executed_lines": [79, 80, 81, 83, 84, 85, 87, 88, 89, 90, 92], "summary": {"covered_lines": 11, "num_statements": 11, "percent_covered": 100.0, "percent_covered_display": "100", "missing_lines": 0, "excluded_lines": 0, "percent_statements_covered": 100.0, "percent_statements_covered_display": "100"}, "missing_lines": [], "excluded_lines": [], "start_line": 74}, "OrderBookAnalyzer.liquidity_walls": {"executed_lines": [112, 113, 114], "summary": {"covered_lines": 3, "num_statements": 3, "percent_covered": 100.0, "percent_covered_display": "100", "missing_lines": 0, "excluded_lines": 0, "percent_statements_covered": 100.0, "percent_statements_covered_display": "100"}, "missing_lines": [], "excluded_lines": [], "start_line": 99}, "OrderBookAnalyzer.depth_levels": {"executed_lines": [123, 124, 126, 127, 128, 129, 131, 132, 133, 134, 143], "summary": {"covered_lines": 11, "num_statements": 11, "percent_covered": 100.0, "percent_covered_display": "100", "missing_lines": 0, "excluded_lines": 0, "percent_statements_covered": 100.0, "percent_statements_covered_display": "100"}, "missing_lines": [], "excluded_lines": [], "start_line": 116}, "OrderBookAnalyzer.spread": {"executed_lines": [147, 148, 149], "summary": {"covered_lines": 3, "num_statements": 3, "percent_covered": 100.0, "percent_covered_display": "100", "missing_lines": 0, "excluded_lines": 0, "percent_statements_covered": 100.0, "percent_statements_covered_display": "100"}, "missing_lines": [], "excluded_lines": [], "start_line": 145}, "OrderBookAnalyzer.mid_price": {"executed_lines": [153], "summary": {"covered_lines": 1, "num_statements": 1, "percent_covered": 100.0, "percent_covered_display": "100", "missing_lines": 0, "excluded_lines": 0, "percent_statements_covered": 100.0, "percent_statements_covered_display": "100"}, "missing_lines": [], "excluded_lines": [], "start_line": 151}, "": {"executed_lines": [12, 14, 15, 18, 21, 22, 23, 24, 27, 32, 38, 63, 74, 99, 116, 145, 151], "summary": {"covered_lines": 17, "num_statements": 17, "percent_covered": 100.0, "percent_covered_display": "100", "missing_lines": 0, "excluded_lines": 0, "percent_statements_covered": 100.0, "percent_statements_covered_display": "100"}, "missing_lines": [], "excluded_lines": [], "start_line": 1}}, "classes": {"DepthLevel": {"executed_lines": [], "summary": {"covered_lines": 0, "num_statements": 0, "percent_covered": 100.0, "percent_covered_display": "100", "missing_lines": 0, "excluded_lines": 0, "percent_statements_covered": 100.0, "percent_statements_covered_display": "100"}, "missing_lines": [], "excluded_lines": [], "start_line": 18}, "OrderBookAnalyzer": {"executed_lines": [33, 34, 35, 36, 42, 43, 44, 45, 47, 48, 49, 51, 52, 53, 54, 55, 56, 58, 59, 61, 67, 68, 69, 70, 71, 72, 79, 80, 81, 83, 84, 85, 87, 88, 89, 90, 92, 112, 113, 114, 123, 124, 126, 127, 128, 129, 131, 132, 133, 134, 143, 147, 148, 149, 153], "summary": {"covered_lines": 55, "num_statements": 55, "percent_covered": 100.0, "percent_covered_display": "100", "missing_lines": 0, "excluded_lines": 0, "percent_statements_covered": 100.0, "percent_statements_covered_display": "100"}, "missing_lines": [], "excluded_lines": [], "start_line": 27}, "": {"executed_lines": [12, 14, 15, 18, 21, 22, 23, 24, 27, 32, 38, 63, 74, 99, 116, 145, 151], "summary": {"covered_lines": 17, "num_statements": 17, "percent_covered": 100.0, "percent_covered_display": "100", "missing_lines": 0, "excluded_lines": 0, "percent_statements_covered": 100.0, "percent_statements_covered_display": "100"}, "missing_lines": [], "excluded_lines": [], "start_line": 1}}}, "exchange\\orderbook.py": {"executed_lines": [17, 19, 20, 21, 22, 23, 26, 31, 32, 33, 34, 35, 36, 37, 38, 39, 40, 42, 46, 47, 48, 49, 50, 52, 53, 55, 56, 57, 59, 60, 61, 62, 63, 64, 65, 66, 68, 69, 70, 72, 73, 74, 76, 77, 79, 81, 90, 94, 95, 97, 98, 100, 101, 102, 103, 104, 105, 107, 108, 109, 110, 111, 113, 117, 118, 119, 120, 121, 122, 124, 128, 129, 131, 132, 134, 135, 137, 139, 140, 141, 143, 144, 145, 147, 148, 149, 151, 152, 153, 155, 156, 157, 159, 160, 162, 163, 164, 165, 168, 169, 172, 173, 176, 177, 178, 179, 182, 186, 187, 189, 190, 192, 193, 194, 195, 196, 199, 201, 202, 203, 204, 206, 208, 209, 210, 212, 213, 214, 216, 232, 233, 234, 235, 236, 237, 238, 239, 240, 242, 243, 245, 246, 254, 257, 304], "summary": {"covered_lines": 145, "num_statements": 172, "percent_covered": 84.30232558139535, "percent_covered_display": "84", "missing_lines": 27, "excluded_lines": 0, "percent_statements_covered": 84.30232558139535, "percent_statements_covered_display": "84"}, "missing_lines": [183, 258, 263, 264, 265, 268, 271, 273, 274, 275, 277, 278, 279, 281, 282, 284, 285, 287, 293, 294, 295, 296, 297, 299, 300, 301, 305], "excluded_lines": [], "functions": {"OrderBookAnalyzer.__init__": {"executed_lines": [32, 33, 34, 35, 36, 37, 38, 39, 40], "summary": {"covered_lines": 9, "num_statements": 9, "percent_covered": 100.0, "percent_covered_display": "100", "missing_lines": 0, "excluded_lines": 0, "percent_statements_covered": 100.0, "percent_statements_covered_display": "100"}, "missing_lines": [], "excluded_lines": [], "start_line": 31}, "OrderBookAnalyzer.walk_the_book": {"executed_lines": [46, 47, 48, 49, 50, 52, 53, 55, 56, 57, 59, 60, 61, 62, 63, 64, 65, 66, 68, 69, 70, 72, 73, 74, 76, 77, 79, 81], "summary": {"covered_lines": 28, "num_statements": 28, "percent_covered": 100.0, "percent_covered_display": "100", "missing_lines": 0, "excluded_lines": 0, "percent_statements_covered": 100.0, "percent_statements_covered_display": "100"}, "missing_lines": [], "excluded_lines": [], "start_line": 42}, "OrderBookAnalyzer.depth_at_bps": {"executed_lines": [94, 95, 97, 98, 100, 101, 102, 103, 104, 105, 107, 108, 109, 110, 111], "summary": {"covered_lines": 15, "num_statements": 15, "percent_covered": 100.0, "percent_covered_display": "100", "missing_lines": 0, "excluded_lines": 0, "percent_statements_covered": 100.0, "percent_statements_covered_display": "100"}, "missing_lines": [], "excluded_lines": [], "start_line": 90}, "OrderBookAnalyzer.imbalance": {"executed_lines": [117, 118, 119, 120, 121, 122], "summary": {"covered_lines": 6, "num_statements": 6, "percent_covered": 100.0, "percent_covered_display": "100", "missing_lines": 0, "excluded_lines": 0, "percent_statements_covered": 100.0, "percent_statements_covered_display": "100"}, "missing_lines": [], "excluded_lines": [], "start_line": 113}, "OrderBookAnalyzer.effective_spread": {"executed_lines": [128, 129, 131, 132, 134, 135, 137], "summary": {"covered_lines": 7, "num_statements": 7, "percent_covered": 100.0, "percent_covered_display": "100", "missing_lines": 0, "excluded_lines": 0, "percent_statements_covered": 100.0, "percent_statements_covered_display": "100"}, "missing_lines": [], "excluded_lines": [], "start_line": 124}, "OrderBookAnalyzer.symbol": {"executed_lines": [141], "summary": {"covered_lines": 1, "num_statements": 1, "percent_covered": 100.0, "percent_covered_display": "100", "missing_lines": 0, "excluded_lines": 0, "percent_statements_covered": 100.0, "percent_statements_covered_display": "100"}, "missing_lines": [], "excluded_lines": [], "start_line": 140}, "OrderBookAnalyzer.timestamp": {"executed_lines": [145], "summary": {"covered_lines": 1, "num_statements": 1, "percent_covered": 100.0, "percent_covered_display": "100", "missing_lines": 0, "excluded_lines": 0, "percent_statements_covered": 100.0, "percent_statements_covered_display": "100"}, "missing_lines": [], "excluded_lines": [], "start_line": 144}, "OrderBookAnalyzer.mid_price": {"executed_lines": [149], "summary": {"covered_lines": 1, "num_statements": 1, "percent_covered": 100.0, "percent_covered_display": "100", "missing_lines": 0, "excluded_lines": 0, "percent_statements_covered": 100.0, "percent_statements_covered_display": "100"}, "missing_lines": [], "excluded_lines": [], "start_line": 148}, "OrderBookAnalyzer.best_bid": {"executed_lines": [153], "summary": {"covered_lines": 1, "num_statements": 1, "percent_covered": 100.0, "percent_covered_display": "100", "missing_lines": 0, "excluded_lines": 0, "percent_statements_covered": 100.0, "percent_statements_covered_display": "100"}, "missing_lines": [], "excluded_lines": [], "start_line": 152}, "OrderBookAnalyzer.best_ask": {"executed_lines": [157], "summary": {"covered_lines": 1, "num_statements": 1, "percent_covered": 100.0, "percent_covered_display": "100", "missing_lines": 0, "excluded_lines": 0, "percent_statements_covered": 100.0, "percent_statements_covered_display": "100"}, "missing_lines": [], "excluded_lines": [], "start_line": 156}, "OrderBookAnalyzer.quoted_spread_bps": {"executed_lines": [162, 163, 164, 165], "summary": {"covered_lines": 4, "num_statements": 4, "percent_covered": 100.0, "percent_covered_display": "100", "missing_lines": 0, "excluded_lines": 0, "percent_statements_covered": 100.0, "percent_statements_covered_display": "100"}, "missing_lines": [], "excluded_lines": [], "start_line": 160}, "_fmt_bps": {"executed_lines": [169], "summary": {"covered_lines": 1, "num_statements": 1, "percent_covered": 100.0, "percent_covered_display": "100", "missing_lines": 0, "excluded_lines": 0, "percent_statements_covered": 100.0, "percent_statements_covered_display": "100"}, "missing_lines": [], "excluded_lines": [], "start_line": 168}, "_fmt_price": {"executed_lines": [173], "summary": {"covered_lines": 1, "num_statements": 1, "percent_covered": 100.0, "percent_covered_display": "100", "missing_lines": 0, "excluded_lines": 0, "percent_statements_covered": 100.0, "percent_statements_covered_display": "100"}, "missing_lines": [], "excluded_lines": [], "start_line": 172}, "_fmt_qty": {"executed_lines": [177, 178, 179], "summary": {"covered_lines": 3, "num_statements": 3, "percent_covered": 100.0, "percent_covered_display": "100", "missing_lines": 0, "excluded_lines": 0, "percent_statements_covered": 100.0, "percent_statements_covered_display": "100"}, "missing_lines": [], "excluded_lines": [], "start_line": 176}, "_box_line": {"executed_lines": [], "summary": {"covered_lines": 0, "num_statements": 1, "percent_covered": 0.0, "percent_covered_display": "0", "missing_lines": 1, "excluded_lines": 0, "percent_statements_covered": 0.0, "percent_statements_covered_display": "0"}, "missing_lines": [183], "excluded_lines": [], "start_line": 182}, "_print_analysis": {"executed_lines": [187, 189, 190, 192, 193, 194, 195, 196, 199, 201, 202, 203, 204, 206, 208, 212, 213, 214, 216, 232, 233, 234, 235, 236, 237, 238, 239, 240, 242, 243, 245, 246, 254], "summary": {"covered_lines": 33, "num_statements": 33, "percent_covered": 100.0, "percent_covered_display": "100", "missing_lines": 0, "excluded_lines": 0, "percent_statements_covered": 100.0, "percent_statements_covered_display": "100"}, "missing_lines": [], "excluded_lines": [], "start_line": 186}, "_print_analysis._row": {"executed_lines": [209, 210], "summary": {"covered_lines": 2, "num_statements": 2, "percent_covered": 100.0, "percent_covered_display": "100", "missing_lines": 0, "excluded_lines": 0, "percent_statements_covered": 100.0, "percent_statements_covered_display": "100"}, "missing_lines": [], "excluded_lines": [], "start_line": 208}, "_run_cli": {"executed_lines": [], "summary": {"covered_lines": 0, "num_statements": 25, "percent_covered": 0.0, "percent_covered_display": "0", "missing_lines": 25, "excluded_lines": 0, "percent_statements_covered": 0.0, "percent_statements_covered_display": "0"}, "missing_lines": [258, 263, 264, 265, 268, 271, 273, 274, 275, 277, 278, 279, 281, 282, 284, 285, 287, 293, 294, 295, 296, 297, 299, 300, 301], "excluded_lines": [], "start_line": 257}, "": {"executed_lines": [17, 19, 20, 21, 22, 23, 26, 31, 42, 90, 113, 124, 139, 140, 143, 144, 147, 148, 151, 152, 155, 156, 159, 160, 168, 172, 176, 182, 186, 257, 304], "summary": {"covered_lines": 31, "num_statements": 32, "percent_covered": 96.875, "percent_covered_display": "97", "missing_lines": 1, "excluded_lines": 0, "percent_statements_covered": 96.875, "percent_statements_covered_display": "97"}, "missing_lines": [305], "excluded_lines": [], "start_line": 1}}, "classes": {"OrderBookAnalyzer": {"executed_lines": [32, 33, 34, 35, 36, 37, 38, 39, 40, 46, 47, 48, 49, 50, 52, 53, 55, 56, 57, 59, 60, 61, 62, 63, 64, 65, 66, 68, 69, 70, 72, 73, 74, 76, 77, 79, 81, 94, 95, 97, 98, 100, 101, 102, 103, 104, 105, 107, 108, 109, 110, 111, 117, 118, 119, 120, 121, 122, 128, 129, 131, 132, 134, 135, 137, 141, 145, 149, 153, 157, 162, 163, 164, 165], "summary": {"covered_lines": 74, "num_statements": 74, "percent_covered": 100.0, "percent_covered_display": "100", "missing_lines": 0, "excluded_lines": 0, "percent_statements_covered": 100.0, "percent_statements_covered_display": "100"}, "missing_lines": [], "excluded_lines": [], "start_line": 26}, "": {"executed_lines": [17, 19, 20, 21, 22, 23, 26, 31, 42, 90, 113, 124, 139, 140, 143, 144, 147, 148, 151, 152, 155, 156, 159, 160, 168, 169, 172, 173, 176, 177, 178, 179, 182, 186, 187, 189, 190, 192, 193, 194, 195, 196, 199, 201, 202, 203, 204, 206, 208, 209, 210, 212, 213, 214, 216, 232, 233, 234, 235, 236, 237, 238, 239, 240, 242, 243, 245, 246, 254, 257, 304], "summary": {"covered_lines": 71, "num_statements": 98, "percent_covered": 72.44897959183673, "percent_covered_display": "72", "missing_lines": 27, "excluded_lines": 0, "percent_statements_covered": 72.44897959183673, "percent_statements_covered_display": "72"}, "missing_lines": [183, 258, 263, 264, 265, 268, 271, 273, 274, 275, 277, 278, 279, 281, 282, 284, 285, 287, 293, 294, 295, 296, 297, 299, 300, 301, 305], "excluded_lines": [], "start_line": 1}}}, "exchange\\ws_orderbook.py": {"executed_lines": [35, 37, 38, 39, 40, 41, 42, 43, 44, 45, 47, 49, 50, 51, 52, 55, 56, 59, 69, 76, 77, 78, 79, 80, 83, 84, 85, 86, 88, 89, 93, 94, 95, 96, 98, 99, 100, 104, 132, 140, 144, 149, 154, 155, 157, 158, 159, 160, 164, 171, 172, 173, 178, 183, 185, 197, 199, 200, 202, 203, 204, 205, 206, 208, 210, 211, 212, 213, 214, 216, 218, 219, 223, 228, 231, 233, 234, 236, 237, 239, 240, 241, 243, 259, 318], "summary": {"covered_lines": 85, "num_statements": 145, "percent_covered": 58.62068965517241, "percent_covered_display": "59", "missing_lines": 60, "excluded_lines": 0, "percent_statements_covered": 58.62068965517241, "percent_statements_covered_display": "59"}, "missing_lines": [106, 107, 108, 109, 112, 113, 114, 115, 119, 120, 123, 124, 125, 126, 133, 134, 135, 136, 137, 138, 141, 142, 145, 165, 166, 167, 168, 169, 260, 269, 270, 276, 283, 285, 286, 287, 288, 289, 290, 292, 293, 294, 295, 296, 297, 298, 299, 300, 301, 302, 303, 307, 308, 309, 311, 312, 313, 314, 315, 319], "excluded_lines": [], "functions": {"_to_dec": {"executed_lines": [56], "summary": {"covered_lines": 1, "num_statements": 1, "percent_covered": 100.0, "percent_covered_display": "100", "missing_lines": 0, "excluded_lines": 0, "percent_statements_covered": 100.0, "percent_statements_covered_display": "100"}, "missing_lines": [], "excluded_lines": [], "start_line": 55}, "OrderBookStream.__init__": {"executed_lines": [76, 77, 78, 79, 80, 83, 84, 85, 86, 88, 89], "summary": {"covered_lines": 11, "num_statements": 11, "percent_covered": 100.0, "percent_covered_display": "100", "missing_lines": 0, "excluded_lines": 0, "percent_statements_covered": 100.0, "percent_statements_covered_display": "100"}, "missing_lines": [], "excluded_lines": [], "start_line": 69}, "OrderBookStream._ws_url": {"executed_lines": [95, 96], "summary": {"covered_lines": 2, "num_statements": 2, "percent_covered": 100.0, "percent_covered_display": "100", "missing_lines": 0, "excluded_lines": 0, "percent_statements_covered": 100.0, "percent_statements_covered_display": "100"}, "missing_lines": [], "excluded_lines": [], "start_line": 94}, "OrderBookStream._rest_base": {"executed_lines": [100], "summary": {"covered_lines": 1, "num_statements": 1, "percent_covered": 100.0, "percent_covered_display": "100", "missing_lines": 0, "excluded_lines": 0, "percent_statements_covered": 100.0, "percent_statements_covered_display": "100"}, "missing_lines": [], "excluded_lines": [], "start_line": 99}, "OrderBookStream.connect": {"executed_lines": [], "summary": {"covered_lines": 0, "num_statements": 14, "percent_covered": 0.0, "percent_covered_display": "0", "missing_lines": 14, "excluded_lines": 0, "percent_statements_covered": 0.0, "percent_statements_covered_display": "0"}, "missing_lines": [106, 107, 108, 109, 112, 113, 114, 115, 119, 120, 123, 124, 125, 126], "excluded_lines": [], "start_line": 104}, "OrderBookStream.close": {"executed_lines": [], "summary": {"covered_lines": 0, "num_statements": 6, "percent_covered": 0.0, "percent_covered_display": "0", "missing_lines": 6, "excluded_lines": 0, "percent_statements_covered": 0.0, "percent_statements_covered_display": "0"}, "missing_lines": [133, 134, 135, 136, 137, 138], "excluded_lines": [], "start_line": 132}, "OrderBookStream.__aenter__": {"executed_lines": [], "summary": {"covered_lines": 0, "num_statements": 2, "percent_covered": 0.0, "percent_covered_display": "0", "missing_lines": 2, "excluded_lines": 0, "percent_statements_covered": 0.0, "percent_statements_covered_display": "0"}, "missing_lines": [141, 142], "excluded_lines": [], "start_line": 140}, "OrderBookStream.__aexit__": {"executed_lines": [], "summary": {"covered_lines": 0, "num_statements": 1, "percent_covered": 0.0, "percent_covered_display": "0", "missing_lines": 1, "excluded_lines": 0, "percent_statements_covered": 0.0, "percent_statements_covered_display": "0"}, "missing_lines": [145], "excluded_lines": [], "start_line": 144}, "OrderBookStream.__aiter__": {"executed_lines": [154, 155, 157, 158, 159, 160], "summary": {"covered_lines": 6, "num_statements": 6, "percent_covered": 100.0, "percent_covered_display": "100", "missing_lines": 0, "excluded_lines": 0, "percent_statements_covered": 100.0, "percent_statements_covered_display": "100"}, "missing_lines": [], "excluded_lines": [], "start_line": 149}, "OrderBookStream._fetch_snapshot": {"executed_lines": [], "summary": {"covered_lines": 0, "num_statements": 5, "percent_covered": 0.0, "percent_covered_display": "0", "missing_lines": 5, "excluded_lines": 0, "percent_statements_covered": 0.0, "percent_statements_covered_display": "0"}, "missing_lines": [165, 166, 167, 168, 169], "excluded_lines": [], "start_line": 164}, "OrderBookStream._apply_snapshot": {"executed_lines": [172, 173, 178, 183], "summary": {"covered_lines": 4, "num_statements": 4, "percent_covered": 100.0, "percent_covered_display": "100", "missing_lines": 0, "excluded_lines": 0, "percent_statements_covered": 100.0, "percent_statements_covered_display": "100"}, "missing_lines": [], "excluded_lines": [], "start_line": 171}, "OrderBookStream._apply_event": {"executed_lines": [197, 199, 200, 202, 203, 204, 205, 206, 208, 210, 211, 212, 213, 214, 216, 218, 219], "summary": {"covered_lines": 17, "num_statements": 17, "percent_covered": 100.0, "percent_covered_display": "100", "missing_lines": 0, "excluded_lines": 0, "percent_statements_covered": 100.0, "percent_statements_covered_display": "100"}, "missing_lines": [], "excluded_lines": [], "start_line": 185}, "OrderBookStream.snapshot": {"executed_lines": [228, 231, 233, 234, 236, 237, 239, 240, 241, 243], "summary": {"covered_lines": 10, "num_statements": 10, "percent_covered": 100.0, "percent_covered_display": "100", "missing_lines": 0, "excluded_lines": 0, "percent_statements_covered": 100.0, "percent_statements_covered_display": "100"}, "missing_lines": [], "excluded_lines": [], "start_line": 223}, "_run_cli": {"executed_lines": [], "summary": {"covered_lines": 0, "num_statements": 17, "percent_covered": 0.0, "percent_covered_display": "0", "missing_lines": 17, "excluded_lines": 0, "percent_statements_covered": 0.0, "percent_statements_covered_display": "0"}, "missing_lines": [260, 269, 270, 276, 283, 285, 286, 287, 288, 289, 290, 292, 311, 312, 313, 314, 315], "excluded_lines": [], "start_line": 259}, "_run_cli._stream": {"executed_lines": [], "summary": {"covered_lines": 0, "num_statements": 14, "percent_covered": 0.0, "percent_covered_display": "0", "missing_lines": 14, "excluded_lines": 0, "percent_statements_covered": 0.0, "percent_statements_covered_display": "0"}, "missing_lines": [293, 294, 295, 296, 297, 298, 299, 300, 301, 302, 303, 307, 308, 309], "excluded_lines": [], "start_line": 292}, "": {"executed_lines": [35, 37, 38, 39, 40, 41, 42, 43, 44, 45, 47, 49, 50, 51, 52, 55, 59, 69, 93, 94, 98, 99, 104, 132, 140, 144, 149, 164, 171, 185, 223, 259, 318], "summary": {"covered_lines": 33, "num_statements": 34, "percent_covered": 97.05882352941177, "percent_covered_display": "97", "missing_lines": 1, "excluded_lines": 0, "percent_statements_covered": 97.05882352941177, "percent_statements_covered_display": "97"}, "missing_lines": [319], "excluded_lines": [], "start_line": 1}}, "classes": {"OrderBookStream": {"executed_lines": [76, 77, 78, 79, 80, 83, 84, 85, 86, 88, 89, 95, 96, 100, 154, 155, 157, 158, 159, 160, 172, 173, 178, 183, 197, 199, 200, 202, 203, 204, 205, 206, 208, 210, 211, 212, 213, 214, 216, 218, 219, 228, 231, 233, 234, 236, 237, 239, 240, 241, 243], "summary": {"covered_lines": 51, "num_statements": 79, "percent_covered": 64.55696202531645, "percent_covered_display": "65", "missing_lines": 28, "excluded_lines": 0, "percent_statements_covered": 64.55696202531645, "percent_statements_covered_display": "65"}, "missing_lines": [106, 107, 108, 109, 112, 113, 114, 115, 119, 120, 123, 124, 125, 126, 133, 134, 135, 136, 137, 138, 141, 142, 145, 165, 166, 167, 168, 169], "excluded_lines": [], "start_line": 59}, "": {"executed_lines": [35, 37, 38, 39, 40, 41, 42, 43, 44, 45, 47, 49, 50, 51, 52, 55, 56, 59, 69, 93, 94, 98, 99, 104, 132, 140, 144, 149, 164, 171, 185, 223, 259, 318], "summary": {"covered_lines": 34, "num_statements": 66, "percent_covered": 51.515151515151516, "percent_covered_display": "52", "missing_lines": 32, "excluded_lines": 0, "percent_statements_covered": 51.515151515151516, "percent_statements_covered_display": "52"}, "missing_lines": [260, 269, 270, 276, 283, 285, 286, 287, 288, 289, 290, 292, 293, 294, 295, 296, 297, 298, 299, 300, 301, 302, 303, 307, 308, 309, 311, 312, 313, 314, 315, 319], "excluded_lines": [], "start_line": 1}}}, "integration\\__init__.py": {"executed_lines": [], "summary": {"covered_lines": 0, "num_statements": 0, "percent_covered": 100.0, "percent_covered_display": "100", "missing_lines": 0, "excluded_lines": 0, "percent_statements_covered": 100.0, "percent_statements_covered_display": "100"}, "missing_lines": [], "excluded_lines": [], "functions": {"": {"executed_lines": [], "summary": {"covered_lines": 0, "num_statements": 0, "percent_covered": 100.0, "percent_covered_display": "100", "missing_lines": 0, "excluded_lines": 0, "percent_statements_covered": 100.0, "percent_statements_covered_display": "100"}, "missing_lines": [], "excluded_lines": [], "start_line": 1}}, "classes": {"": {"executed_lines": [], "summary": {"covered_lines": 0, "num_statements": 0, "percent_covered": 100.0, "percent_covered_display": "100", "missing_lines": 0, "excluded_lines": 0, "percent_statements_covered": 100.0, "percent_statements_covered_display": "100"}, "missing_lines": [], "excluded_lines": [], "start_line": 1}}}, "integration\\arb_checker.py": {"executed_lines": [39, 41, 42, 43, 44, 45, 46, 52, 54, 56, 59, 64, 71, 72, 73, 74, 76, 86, 87, 89, 90, 91, 93, 94, 95, 96, 98, 99, 101, 102, 108, 109, 110, 111, 112, 113, 114, 115, 116, 117, 119, 120, 121, 123, 124, 125, 129, 130, 131, 133, 134, 136, 137, 139, 140, 148, 149, 158, 167, 168, 170, 191, 196, 203, 204, 205, 206, 208, 209, 210, 211, 217, 277, 374], "summary": {"covered_lines": 74, "num_statements": 161, "percent_covered": 45.962732919254655, "percent_covered_display": "46", "missing_lines": 87, "excluded_lines": 3, "percent_statements_covered": 45.962732919254655, "percent_statements_covered_display": "46"}, "missing_lines": [126, 127, 218, 219, 220, 222, 223, 224, 225, 226, 227, 228, 229, 231, 232, 233, 235, 236, 237, 238, 240, 241, 243, 245, 246, 247, 248, 249, 250, 251, 252, 254, 255, 256, 258, 259, 260, 262, 273, 274, 278, 287, 288, 289, 290, 291, 292, 294, 295, 296, 298, 299, 300, 302, 303, 305, 306, 308, 316, 317, 318, 320, 321, 322, 324, 325, 326, 327, 328, 330, 336, 342, 343, 345, 346, 347, 348, 355, 357, 364, 365, 366, 367, 368, 370, 371, 375], "excluded_lines": [48, 49, 50], "functions": {"ArbChecker.__init__": {"executed_lines": [71, 72, 73, 74], "summary": {"covered_lines": 4, "num_statements": 4, "percent_covered": 100.0, "percent_covered_display": "100", "missing_lines": 0, "excluded_lines": 0, "percent_statements_covered": 100.0, "percent_statements_covered_display": "100"}, "missing_lines": [], "excluded_lines": [], "start_line": 64}, "ArbChecker.check": {"executed_lines": [86, 87, 89, 90, 91, 93, 94, 95, 96, 98, 99, 101, 102, 108, 109, 110, 111, 112, 113, 114, 115, 116, 117, 119, 120, 121, 123, 124, 125, 129, 130, 131, 133, 134, 136, 137, 139, 140, 148, 149, 158, 167, 168, 170], "summary": {"covered_lines": 44, "num_statements": 46, "percent_covered": 95.65217391304348, "percent_covered_display": "96", "missing_lines": 2, "excluded_lines": 0, "percent_statements_covered": 95.65217391304348, "percent_statements_covered_display": "96"}, "missing_lines": [126, 127], "excluded_lines": [], "start_line": 76}, "SimplePricingAdapter.__init__": {"executed_lines": [203, 204, 205, 206], "summary": {"covered_lines": 4, "num_statements": 4, "percent_covered": 100.0, "percent_covered_display": "100", "missing_lines": 0, "excluded_lines": 0, "percent_statements_covered": 100.0, "percent_statements_covered_display": "100"}, "missing_lines": [], "excluded_lines": [], "start_line": 196}, "SimplePricingAdapter.get_dex_price": {"executed_lines": [209, 210, 211], "summary": {"covered_lines": 3, "num_statements": 3, "percent_covered": 100.0, "percent_covered_display": "100", "missing_lines": 0, "excluded_lines": 0, "percent_statements_covered": 100.0, "percent_statements_covered_display": "100"}, "missing_lines": [], "excluded_lines": [], "start_line": 208}, "_print_result": {"executed_lines": [], "summary": {"covered_lines": 0, "num_statements": 38, "percent_covered": 0.0, "percent_covered_display": "0", "missing_lines": 38, "excluded_lines": 0, "percent_statements_covered": 0.0, "percent_statements_covered_display": "0"}, "missing_lines": [218, 219, 220, 222, 223, 224, 225, 226, 227, 228, 229, 231, 232, 233, 235, 236, 237, 238, 240, 241, 243, 245, 246, 247, 248, 249, 250, 251, 252, 254, 255, 256, 258, 259, 260, 262, 273, 274], "excluded_lines": [], "start_line": 217}, "_run_cli": {"executed_lines": [], "summary": {"covered_lines": 0, "num_statements": 46, "percent_covered": 0.0, "percent_covered_display": "0", "missing_lines": 46, "excluded_lines": 0, "percent_statements_covered": 0.0, "percent_statements_covered_display": "0"}, "missing_lines": [278, 287, 288, 289, 290, 291, 292, 294, 295, 296, 298, 299, 300, 302, 303, 305, 306, 308, 316, 317, 318, 320, 321, 322, 324, 325, 326, 327, 328, 330, 336, 342, 343, 345, 346, 347, 348, 355, 357, 364, 365, 366, 367, 368, 370, 371], "excluded_lines": [], "start_line": 277}, "": {"executed_lines": [39, 41, 42, 43, 44, 45, 46, 52, 54, 56, 59, 64, 76, 191, 196, 208, 217, 277, 374], "summary": {"covered_lines": 19, "num_statements": 20, "percent_covered": 95.0, "percent_covered_display": "95", "missing_lines": 1, "excluded_lines": 3, "percent_statements_covered": 95.0, "percent_statements_covered_display": "95"}, "missing_lines": [375], "excluded_lines": [48, 49, 50], "start_line": 1}}, "classes": {"ArbChecker": {"executed_lines": [71, 72, 73, 74, 86, 87, 89, 90, 91, 93, 94, 95, 96, 98, 99, 101, 102, 108, 109, 110, 111, 112, 113, 114, 115, 116, 117, 119, 120, 121, 123, 124, 125, 129, 130, 131, 133, 134, 136, 137, 139, 140, 148, 149, 158, 167, 168, 170], "summary": {"covered_lines": 48, "num_statements": 50, "percent_covered": 96.0, "percent_covered_display": "96", "missing_lines": 2, "excluded_lines": 0, "percent_statements_covered": 96.0, "percent_statements_covered_display": "96"}, "missing_lines": [126, 127], "excluded_lines": [], "start_line": 59}, "SimplePricingAdapter": {"executed_lines": [203, 204, 205, 206, 209, 210, 211], "summary": {"covered_lines": 7, "num_statements": 7, "percent_covered": 100.0, "percent_covered_display": "100", "missing_lines": 0, "excluded_lines": 0, "percent_statements_covered": 100.0, "percent_statements_covered_display": "100"}, "missing_lines": [], "excluded_lines": [], "start_line": 191}, "": {"executed_lines": [39, 41, 42, 43, 44, 45, 46, 52, 54, 56, 59, 64, 76, 191, 196, 208, 217, 277, 374], "summary": {"covered_lines": 19, "num_statements": 104, "percent_covered": 18.26923076923077, "percent_covered_display": "18", "missing_lines": 85, "excluded_lines": 3, "percent_statements_covered": 18.26923076923077, "percent_statements_covered_display": "18"}, "missing_lines": [218, 219, 220, 222, 223, 224, 225, 226, 227, 228, 229, 231, 232, 233, 235, 236, 237, 238, 240, 241, 243, 245, 246, 247, 248, 249, 250, 251, 252, 254, 255, 256, 258, 259, 260, 262, 273, 274, 278, 287, 288, 289, 290, 291, 292, 294, 295, 296, 298, 299, 300, 302, 303, 305, 306, 308, 316, 317, 318, 320, 321, 322, 324, 325, 326, 327, 328, 330, 336, 342, 343, 345, 346, 347, 348, 355, 357, 364, 365, 366, 367, 368, 370, 371, 375], "excluded_lines": [48, 49, 50], "start_line": 1}}}, "integration\\arb_logger.py": {"executed_lines": [42, 44, 45, 46, 47, 48, 49, 50, 51, 52, 54, 79, 88, 89, 114, 130, 136, 137, 138, 139, 141, 142, 146, 157, 163, 165, 167, 180, 185, 187, 188, 190, 204, 205, 206, 215, 216, 217, 218, 219, 223, 224, 226, 235, 241, 242, 243, 244, 245, 246, 248, 250, 254, 263, 270, 271, 273, 274, 276, 277, 278, 279, 280, 281, 283, 284, 285, 286, 287, 293, 398], "summary": {"covered_lines": 71, "num_statements": 128, "percent_covered": 55.46875, "percent_covered_display": "55", "missing_lines": 57, "excluded_lines": 0, "percent_statements_covered": 55.46875, "percent_statements_covered_display": "55"}, "missing_lines": [220, 221, 294, 303, 304, 305, 306, 307, 308, 309, 311, 312, 313, 314, 315, 316, 318, 319, 321, 322, 323, 329, 330, 331, 333, 334, 335, 336, 337, 338, 339, 341, 346, 347, 348, 350, 356, 357, 358, 362, 364, 371, 373, 374, 380, 381, 382, 384, 385, 386, 387, 388, 389, 392, 393, 395, 399], "excluded_lines": [], "functions": {"_result_to_row": {"executed_lines": [88, 89], "summary": {"covered_lines": 2, "num_statements": 2, "percent_covered": 100.0, "percent_covered_display": "100", "missing_lines": 0, "excluded_lines": 0, "percent_statements_covered": 100.0, "percent_statements_covered_display": "100"}, "missing_lines": [], "excluded_lines": [], "start_line": 79}, "ArbLogger.__init__": {"executed_lines": [136, 137, 138, 139, 141, 142], "summary": {"covered_lines": 6, "num_statements": 6, "percent_covered": 100.0, "percent_covered_display": "100", "missing_lines": 0, "excluded_lines": 0, "percent_statements_covered": 100.0, "percent_statements_covered_display": "100"}, "missing_lines": [], "excluded_lines": [], "start_line": 130}, "ArbLogger.check": {"executed_lines": [157, 163, 165], "summary": {"covered_lines": 3, "num_statements": 3, "percent_covered": 100.0, "percent_covered_display": "100", "missing_lines": 0, "excluded_lines": 0, "percent_statements_covered": 100.0, "percent_statements_covered_display": "100"}, "missing_lines": [], "excluded_lines": [], "start_line": 146}, "ArbLogger.log_result": {"executed_lines": [180], "summary": {"covered_lines": 1, "num_statements": 1, "percent_covered": 100.0, "percent_covered_display": "100", "missing_lines": 0, "excluded_lines": 0, "percent_statements_covered": 100.0, "percent_statements_covered_display": "100"}, "missing_lines": [], "excluded_lines": [], "start_line": 167}, "ArbLogger.recent": {"executed_lines": [187, 188], "summary": {"covered_lines": 2, "num_statements": 2, "percent_covered": 100.0, "percent_covered_display": "100", "missing_lines": 0, "excluded_lines": 0, "percent_statements_covered": 100.0, "percent_statements_covered_display": "100"}, "missing_lines": [], "excluded_lines": [], "start_line": 185}, "ArbLogger.stats": {"executed_lines": [204, 205, 206, 215, 216, 217, 218, 219, 223, 224, 226], "summary": {"covered_lines": 11, "num_statements": 13, "percent_covered": 84.61538461538461, "percent_covered_display": "85", "missing_lines": 2, "excluded_lines": 0, "percent_statements_covered": 84.61538461538461, "percent_statements_covered_display": "85"}, "missing_lines": [220, 221], "excluded_lines": [], "start_line": 190}, "ArbLogger.export_csv": {"executed_lines": [241, 242, 243, 244, 245, 246], "summary": {"covered_lines": 6, "num_statements": 6, "percent_covered": 100.0, "percent_covered_display": "100", "missing_lines": 0, "excluded_lines": 0, "percent_statements_covered": 100.0, "percent_statements_covered_display": "100"}, "missing_lines": [], "excluded_lines": [], "start_line": 235}, "ArbLogger.flush": {"executed_lines": [250], "summary": {"covered_lines": 1, "num_statements": 1, "percent_covered": 100.0, "percent_covered_display": "100", "missing_lines": 0, "excluded_lines": 0, "percent_statements_covered": 100.0, "percent_statements_covered_display": "100"}, "missing_lines": [], "excluded_lines": [], "start_line": 248}, "ArbLogger._log": {"executed_lines": [263, 270, 271, 273, 274], "summary": {"covered_lines": 5, "num_statements": 5, "percent_covered": 100.0, "percent_covered_display": "100", "missing_lines": 0, "excluded_lines": 0, "percent_statements_covered": 100.0, "percent_statements_covered_display": "100"}, "missing_lines": [], "excluded_lines": [], "start_line": 254}, "ArbLogger._ensure_csv_header": {"executed_lines": [278, 279, 280, 281], "summary": {"covered_lines": 4, "num_statements": 4, "percent_covered": 100.0, "percent_covered_display": "100", "missing_lines": 0, "excluded_lines": 0, "percent_statements_covered": 100.0, "percent_statements_covered_display": "100"}, "missing_lines": [], "excluded_lines": [], "start_line": 277}, "ArbLogger._append_csv_row": {"executed_lines": [285, 286, 287], "summary": {"covered_lines": 3, "num_statements": 3, "percent_covered": 100.0, "percent_covered_display": "100", "missing_lines": 0, "excluded_lines": 0, "percent_statements_covered": 100.0, "percent_statements_covered_display": "100"}, "missing_lines": [], "excluded_lines": [], "start_line": 284}, "_run_cli": {"executed_lines": [], "summary": {"covered_lines": 0, "num_statements": 54, "percent_covered": 0.0, "percent_covered_display": "0", "missing_lines": 54, "excluded_lines": 0, "percent_statements_covered": 0.0, "percent_statements_covered_display": "0"}, "missing_lines": [294, 303, 304, 305, 306, 307, 308, 309, 311, 312, 313, 314, 315, 316, 318, 319, 321, 322, 323, 329, 330, 331, 333, 334, 335, 336, 337, 338, 339, 341, 346, 347, 348, 350, 356, 357, 358, 362, 364, 371, 373, 374, 380, 381, 382, 384, 385, 386, 387, 388, 389, 392, 393, 395], "excluded_lines": [], "start_line": 293}, "": {"executed_lines": [42, 44, 45, 46, 47, 48, 49, 50, 51, 52, 54, 79, 114, 130, 146, 167, 185, 190, 235, 248, 254, 276, 277, 283, 284, 293, 398], "summary": {"covered_lines": 27, "num_statements": 28, "percent_covered": 96.42857142857143, "percent_covered_display": "96", "missing_lines": 1, "excluded_lines": 0, "percent_statements_covered": 96.42857142857143, "percent_statements_covered_display": "96"}, "missing_lines": [399], "excluded_lines": [], "start_line": 1}}, "classes": {"ArbLogger": {"executed_lines": [136, 137, 138, 139, 141, 142, 157, 163, 165, 180, 187, 188, 204, 205, 206, 215, 216, 217, 218, 219, 223, 224, 226, 241, 242, 243, 244, 245, 246, 250, 263, 270, 271, 273, 274, 278, 279, 280, 281, 285, 286, 287], "summary": {"covered_lines": 42, "num_statements": 44, "percent_covered": 95.45454545454545, "percent_covered_display": "95", "missing_lines": 2, "excluded_lines": 0, "percent_statements_covered": 95.45454545454545, "percent_statements_covered_display": "95"}, "missing_lines": [220, 221], "excluded_lines": [], "start_line": 114}, "": {"executed_lines": [42, 44, 45, 46, 47, 48, 49, 50, 51, 52, 54, 79, 88, 89, 114, 130, 146, 167, 185, 190, 235, 248, 254, 276, 277, 283, 284, 293, 398], "summary": {"covered_lines": 29, "num_statements": 84, "percent_covered": 34.523809523809526, "percent_covered_display": "35", "missing_lines": 55, "excluded_lines": 0, "percent_statements_covered": 34.523809523809526, "percent_statements_covered_display": "35"}, "missing_lines": [294, 303, 304, 305, 306, 307, 308, 309, 311, 312, 313, 314, 315, 316, 318, 319, 321, 322, 323, 329, 330, 331, 333, 334, 335, 336, 337, 338, 339, 341, 346, 347, 348, 350, 356, 357, 358, 362, 364, 371, 373, 374, 380, 381, 382, 384, 385, 386, 387, 388, 389, 392, 393, 395, 399], "excluded_lines": [], "start_line": 1}}}, "inventory\\__init__.py": {"executed_lines": [], "summary": {"covered_lines": 0, "num_statements": 0, "percent_covered": 100.0, "percent_covered_display": "100", "missing_lines": 0, "excluded_lines": 0, "percent_statements_covered": 100.0, "percent_statements_covered_display": "100"}, "missing_lines": [], "excluded_lines": [], "functions": {"": {"executed_lines": [], "summary": {"covered_lines": 0, "num_statements": 0, "percent_covered": 100.0, "percent_covered_display": "100", "missing_lines": 0, "excluded_lines": 0, "percent_statements_covered": 100.0, "percent_statements_covered_display": "100"}, "missing_lines": [], "excluded_lines": [], "start_line": 1}}, "classes": {"": {"executed_lines": [], "summary": {"covered_lines": 0, "num_statements": 0, "percent_covered": 100.0, "percent_covered_display": "100", "missing_lines": 0, "excluded_lines": 0, "percent_statements_covered": 100.0, "percent_statements_covered_display": "100"}, "missing_lines": [], "excluded_lines": [], "start_line": 1}}}, "inventory\\charts.py": {"executed_lines": [35, 37, 38, 39, 40, 41, 42, 48, 49, 50, 51, 52, 53, 54, 59, 67, 68, 69, 73, 80, 82, 83, 85, 86, 89, 90, 91, 92, 93, 94, 96, 97, 98, 103, 108, 110, 111, 112, 113, 114, 116, 118, 122, 123, 125, 126, 130, 131, 132, 133, 135, 136, 137, 138, 139, 140, 141, 142, 143, 145, 147, 151, 152, 154, 155, 157, 158, 161, 162, 163, 165, 166, 167, 169, 171, 172, 173, 174, 175, 177, 179, 183, 185, 186, 188, 189, 192, 193, 194, 195, 196, 197, 199, 200, 201, 202, 203, 204, 206, 207, 208, 209, 211, 212, 213, 214, 215, 217, 219, 223, 225, 226, 229, 230, 231, 232, 234, 235, 239, 240, 241, 242, 245, 246, 247, 248, 249, 250, 251, 252, 253, 254, 255, 256, 258, 259, 260, 261, 262, 263, 264, 265, 266, 267, 268, 270, 271, 272, 273, 276, 277, 279, 280, 281, 282, 283, 285, 286, 287, 288, 291, 292, 293, 294, 295, 296, 297, 298, 299, 300, 301, 302, 303, 304, 305, 306, 307, 311, 312, 313, 314, 315, 316, 317, 323, 324, 333, 338, 344, 346, 347, 349, 352, 353, 365, 368, 376, 377, 378, 380, 381, 384], "summary": {"covered_lines": 202, "num_statements": 203, "percent_covered": 99.50738916256158, "percent_covered_display": "99", "missing_lines": 1, "excluded_lines": 2, "percent_statements_covered": 99.50738916256158, "percent_statements_covered_display": "99"}, "missing_lines": [385], "excluded_lines": [44, 45], "functions": {"_require_matplotlib": {"executed_lines": [49, 50, 51, 52, 53, 54], "summary": {"covered_lines": 6, "num_statements": 6, "percent_covered": 100.0, "percent_covered_display": "100", "missing_lines": 0, "excluded_lines": 0, "percent_statements_covered": 100.0, "percent_statements_covered_display": "100"}, "missing_lines": [], "excluded_lines": [], "start_line": 48}, "PnLCharts.__init__": {"executed_lines": [68, 69], "summary": {"covered_lines": 2, "num_statements": 2, "percent_covered": 100.0, "percent_covered_display": "100", "missing_lines": 0, "excluded_lines": 0, "percent_statements_covered": 100.0, "percent_statements_covered_display": "100"}, "missing_lines": [], "excluded_lines": [], "start_line": 67}, "PnLCharts.cumulative_pnl": {"executed_lines": [80, 82, 83, 85, 86, 89, 90, 91, 92, 93, 94, 96, 97, 98, 103, 108, 110, 111, 112, 113, 114, 116], "summary": {"covered_lines": 22, "num_statements": 22, "percent_covered": 100.0, "percent_covered_display": "100", "missing_lines": 0, "excluded_lines": 0, "percent_statements_covered": 100.0, "percent_statements_covered_display": "100"}, "missing_lines": [], "excluded_lines": [], "start_line": 73}, "PnLCharts.pnl_by_hour": {"executed_lines": [122, 123, 125, 126, 130, 131, 132, 133, 135, 136, 137, 138, 139, 140, 141, 142, 143, 145], "summary": {"covered_lines": 18, "num_statements": 18, "percent_covered": 100.0, "percent_covered_display": "100", "missing_lines": 0, "excluded_lines": 0, "percent_statements_covered": 100.0, "percent_statements_covered_display": "100"}, "missing_lines": [], "excluded_lines": [], "start_line": 118}, "PnLCharts.trade_distribution": {"executed_lines": [151, 152, 154, 155, 157, 158, 161, 162, 163, 165, 166, 167, 169, 171, 172, 173, 174, 175, 177], "summary": {"covered_lines": 19, "num_statements": 19, "percent_covered": 100.0, "percent_covered_display": "100", "missing_lines": 0, "excluded_lines": 0, "percent_statements_covered": 100.0, "percent_statements_covered_display": "100"}, "missing_lines": [], "excluded_lines": [], "start_line": 147}, "PnLCharts.drawdown": {"executed_lines": [183, 185, 186, 188, 189, 192, 193, 194, 195, 196, 197, 199, 200, 201, 202, 203, 204, 206, 207, 208, 209, 211, 212, 213, 214, 215, 217], "summary": {"covered_lines": 27, "num_statements": 27, "percent_covered": 100.0, "percent_covered_display": "100", "missing_lines": 0, "excluded_lines": 0, "percent_statements_covered": 100.0, "percent_statements_covered_display": "100"}, "missing_lines": [], "excluded_lines": [], "start_line": 179}, "PnLCharts.all": {"executed_lines": [223, 225, 226, 229, 230, 231, 232, 234, 235], "summary": {"covered_lines": 9, "num_statements": 9, "percent_covered": 100.0, "percent_covered_display": "100", "missing_lines": 0, "excluded_lines": 0, "percent_statements_covered": 100.0, "percent_statements_covered_display": "100"}, "missing_lines": [], "excluded_lines": [], "start_line": 219}, "PnLCharts._plot_cumulative_on": {"executed_lines": [240, 241, 242, 245, 246, 247, 248, 249, 250, 251, 252, 253, 254, 255, 256], "summary": {"covered_lines": 15, "num_statements": 15, "percent_covered": 100.0, "percent_covered_display": "100", "missing_lines": 0, "excluded_lines": 0, "percent_statements_covered": 100.0, "percent_statements_covered_display": "100"}, "missing_lines": [], "excluded_lines": [], "start_line": 239}, "PnLCharts._plot_by_hour_on": {"executed_lines": [259, 260, 261, 262, 263, 264, 265, 266, 267, 268], "summary": {"covered_lines": 10, "num_statements": 10, "percent_covered": 100.0, "percent_covered_display": "100", "missing_lines": 0, "excluded_lines": 0, "percent_statements_covered": 100.0, "percent_statements_covered_display": "100"}, "missing_lines": [], "excluded_lines": [], "start_line": 258}, "PnLCharts._plot_distribution_on": {"executed_lines": [271, 272, 273, 276, 277, 279, 280, 281, 282, 283], "summary": {"covered_lines": 10, "num_statements": 10, "percent_covered": 100.0, "percent_covered_display": "100", "missing_lines": 0, "excluded_lines": 0, "percent_statements_covered": 100.0, "percent_statements_covered_display": "100"}, "missing_lines": [], "excluded_lines": [], "start_line": 270}, "PnLCharts._plot_drawdown_on": {"executed_lines": [286, 287, 288, 291, 292, 293, 294, 295, 296, 297, 298, 299, 300, 301, 302, 303, 304, 305, 306, 307], "summary": {"covered_lines": 20, "num_statements": 20, "percent_covered": 100.0, "percent_covered_display": "100", "missing_lines": 0, "excluded_lines": 0, "percent_statements_covered": 100.0, "percent_statements_covered_display": "100"}, "missing_lines": [], "excluded_lines": [], "start_line": 285}, "PnLCharts._save_or_return": {"executed_lines": [313, 314, 315, 316, 317], "summary": {"covered_lines": 5, "num_statements": 5, "percent_covered": 100.0, "percent_covered_display": "100", "missing_lines": 0, "excluded_lines": 0, "percent_statements_covered": 100.0, "percent_statements_covered_display": "100"}, "missing_lines": [], "excluded_lines": [], "start_line": 312}, "_run_cli": {"executed_lines": [324, 333, 338, 344, 346, 347, 349, 352, 365, 368, 376, 377, 378, 380, 381], "summary": {"covered_lines": 15, "num_statements": 15, "percent_covered": 100.0, "percent_covered_display": "100", "missing_lines": 0, "excluded_lines": 0, "percent_statements_covered": 100.0, "percent_statements_covered_display": "100"}, "missing_lines": [], "excluded_lines": [], "start_line": 323}, "_run_cli._leg": {"executed_lines": [353], "summary": {"covered_lines": 1, "num_statements": 1, "percent_covered": 100.0, "percent_covered_display": "100", "missing_lines": 0, "excluded_lines": 0, "percent_statements_covered": 100.0, "percent_statements_covered_display": "100"}, "missing_lines": [], "excluded_lines": [], "start_line": 352}, "": {"executed_lines": [35, 37, 38, 39, 40, 41, 42, 48, 59, 67, 73, 118, 147, 179, 219, 239, 258, 270, 285, 311, 312, 323, 384], "summary": {"covered_lines": 23, "num_statements": 24, "percent_covered": 95.83333333333333, "percent_covered_display": "96", "missing_lines": 1, "excluded_lines": 2, "percent_statements_covered": 95.83333333333333, "percent_statements_covered_display": "96"}, "missing_lines": [385], "excluded_lines": [44, 45], "start_line": 1}}, "classes": {"PnLCharts": {"executed_lines": [68, 69, 80, 82, 83, 85, 86, 89, 90, 91, 92, 93, 94, 96, 97, 98, 103, 108, 110, 111, 112, 113, 114, 116, 122, 123, 125, 126, 130, 131, 132, 133, 135, 136, 137, 138, 139, 140, 141, 142, 143, 145, 151, 152, 154, 155, 157, 158, 161, 162, 163, 165, 166, 167, 169, 171, 172, 173, 174, 175, 177, 183, 185, 186, 188, 189, 192, 193, 194, 195, 196, 197, 199, 200, 201, 202, 203, 204, 206, 207, 208, 209, 211, 212, 213, 214, 215, 217, 223, 225, 226, 229, 230, 231, 232, 234, 235, 240, 241, 242, 245, 246, 247, 248, 249, 250, 251, 252, 253, 254, 255, 256, 259, 260, 261, 262, 263, 264, 265, 266, 267, 268, 271, 272, 273, 276, 277, 279, 280, 281, 282, 283, 286, 287, 288, 291, 292, 293, 294, 295, 296, 297, 298, 299, 300, 301, 302, 303, 304, 305, 306, 307, 313, 314, 315, 316, 317], "summary": {"covered_lines": 157, "num_statements": 157, "percent_covered": 100.0, "percent_covered_display": "100", "missing_lines": 0, "excluded_lines": 0, "percent_statements_covered": 100.0, "percent_statements_covered_display": "100"}, "missing_lines": [], "excluded_lines": [], "start_line": 59}, "": {"executed_lines": [35, 37, 38, 39, 40, 41, 42, 48, 49, 50, 51, 52, 53, 54, 59, 67, 73, 118, 147, 179, 219, 239, 258, 270, 285, 311, 312, 323, 324, 333, 338, 344, 346, 347, 349, 352, 353, 365, 368, 376, 377, 378, 380, 381, 384], "summary": {"covered_lines": 45, "num_statements": 46, "percent_covered": 97.82608695652173, "percent_covered_display": "98", "missing_lines": 1, "excluded_lines": 2, "percent_statements_covered": 97.82608695652173, "percent_statements_covered_display": "98"}, "missing_lines": [385], "excluded_lines": [44, 45], "start_line": 1}}}, "inventory\\dashboard.py": {"executed_lines": [29, 31, 32, 33, 34, 35, 36, 37, 44, 45, 46, 47, 48, 49, 54, 69, 75, 76, 77, 78, 82, 87, 88, 89, 90, 92, 93, 98, 99, 101, 103, 104, 106, 107, 109, 110, 112, 113, 114, 115, 117, 118, 119, 120, 121, 123, 125, 126, 127, 128, 129, 130, 131, 132, 134, 136, 137, 138, 140, 141, 142, 143, 144, 146, 148, 149, 150, 151, 153, 154, 156, 157, 158, 159, 160, 162, 164, 165, 167, 169, 170, 171, 173, 175, 176, 177, 179, 180, 181, 183, 184, 185, 189, 193, 195, 199, 214, 216, 217, 218, 224, 225, 235, 241, 246, 248, 249, 250, 251, 255, 256, 258, 259, 267, 269, 270, 272, 273, 278, 281], "summary": {"covered_lines": 120, "num_statements": 133, "percent_covered": 90.22556390977444, "percent_covered_display": "90", "missing_lines": 13, "excluded_lines": 3, "percent_statements_covered": 90.22556390977444, "percent_statements_covered_display": "90"}, "missing_lines": [204, 206, 207, 208, 209, 210, 211, 212, 252, 253, 275, 276, 282], "excluded_lines": [39, 40, 41], "functions": {"_require_rich": {"executed_lines": [45, 46, 47, 48, 49], "summary": {"covered_lines": 5, "num_statements": 5, "percent_covered": 100.0, "percent_covered_display": "100", "missing_lines": 0, "excluded_lines": 0, "percent_statements_covered": 100.0, "percent_statements_covered_display": "100"}, "missing_lines": [], "excluded_lines": [], "start_line": 44}, "InventoryDashboard.__init__": {"executed_lines": [75, 76, 77, 78], "summary": {"covered_lines": 4, "num_statements": 4, "percent_covered": 100.0, "percent_covered_display": "100", "missing_lines": 0, "excluded_lines": 0, "percent_statements_covered": 100.0, "percent_statements_covered_display": "100"}, "missing_lines": [], "excluded_lines": [], "start_line": 69}, "InventoryDashboard.render": {"executed_lines": [87, 88, 89, 90, 92, 93, 98, 99, 101, 103, 104, 106, 107], "summary": {"covered_lines": 13, "num_statements": 13, "percent_covered": 100.0, "percent_covered_display": "100", "missing_lines": 0, "excluded_lines": 0, "percent_statements_covered": 100.0, "percent_statements_covered_display": "100"}, "missing_lines": [], "excluded_lines": [], "start_line": 82}, "InventoryDashboard._build_balance_table": {"executed_lines": [110, 112, 113, 114, 115, 117, 118, 119, 120, 121, 123, 125, 126, 127, 128, 129, 130, 131, 132, 134], "summary": {"covered_lines": 20, "num_statements": 20, "percent_covered": 100.0, "percent_covered_display": "100", "missing_lines": 0, "excluded_lines": 0, "percent_statements_covered": 100.0, "percent_statements_covered_display": "100"}, "missing_lines": [], "excluded_lines": [], "start_line": 109}, "InventoryDashboard._build_skew_table": {"executed_lines": [137, 138, 140, 141, 142, 143, 144, 146, 148, 149, 150, 151, 153, 154, 156, 157, 158, 159, 160, 162, 164, 165, 167], "summary": {"covered_lines": 23, "num_statements": 23, "percent_covered": 100.0, "percent_covered_display": "100", "missing_lines": 0, "excluded_lines": 0, "percent_statements_covered": 100.0, "percent_statements_covered_display": "100"}, "missing_lines": [], "excluded_lines": [], "start_line": 136}, "InventoryDashboard._build_pnl_panel": {"executed_lines": [170, 171, 173, 175, 176, 177, 179, 180, 181, 183, 184, 185, 189, 193, 195], "summary": {"covered_lines": 15, "num_statements": 15, "percent_covered": 100.0, "percent_covered_display": "100", "missing_lines": 0, "excluded_lines": 0, "percent_statements_covered": 100.0, "percent_statements_covered_display": "100"}, "missing_lines": [], "excluded_lines": [], "start_line": 169}, "InventoryDashboard.run": {"executed_lines": [], "summary": {"covered_lines": 0, "num_statements": 8, "percent_covered": 0.0, "percent_covered_display": "0", "missing_lines": 8, "excluded_lines": 0, "percent_statements_covered": 0.0, "percent_statements_covered_display": "0"}, "missing_lines": [204, 206, 207, 208, 209, 210, 211, 212], "excluded_lines": [], "start_line": 199}, "InventoryDashboard.print_once": {"executed_lines": [216, 217, 218], "summary": {"covered_lines": 3, "num_statements": 3, "percent_covered": 100.0, "percent_covered_display": "100", "missing_lines": 0, "excluded_lines": 0, "percent_statements_covered": 100.0, "percent_statements_covered_display": "100"}, "missing_lines": [], "excluded_lines": [], "start_line": 214}, "_run_cli": {"executed_lines": [225, 235, 241, 246, 248, 249, 250, 251, 255, 256, 258, 259, 267, 269, 270, 272, 273, 278], "summary": {"covered_lines": 18, "num_statements": 22, "percent_covered": 81.81818181818181, "percent_covered_display": "82", "missing_lines": 4, "excluded_lines": 0, "percent_statements_covered": 81.81818181818181, "percent_statements_covered_display": "82"}, "missing_lines": [252, 253, 275, 276], "excluded_lines": [], "start_line": 224}, "": {"executed_lines": [29, 31, 32, 33, 34, 35, 36, 37, 44, 54, 69, 82, 109, 136, 169, 199, 214, 224, 281], "summary": {"covered_lines": 19, "num_statements": 20, "percent_covered": 95.0, "percent_covered_display": "95", "missing_lines": 1, "excluded_lines": 3, "percent_statements_covered": 95.0, "percent_statements_covered_display": "95"}, "missing_lines": [282], "excluded_lines": [39, 40, 41], "start_line": 1}}, "classes": {"InventoryDashboard": {"executed_lines": [75, 76, 77, 78, 87, 88, 89, 90, 92, 93, 98, 99, 101, 103, 104, 106, 107, 110, 112, 113, 114, 115, 117, 118, 119, 120, 121, 123, 125, 126, 127, 128, 129, 130, 131, 132, 134, 137, 138, 140, 141, 142, 143, 144, 146, 148, 149, 150, 151, 153, 154, 156, 157, 158, 159, 160, 162, 164, 165, 167, 170, 171, 173, 175, 176, 177, 179, 180, 181, 183, 184, 185, 189, 193, 195, 216, 217, 218], "summary": {"covered_lines": 78, "num_statements": 86, "percent_covered": 90.69767441860465, "percent_covered_display": "91", "missing_lines": 8, "excluded_lines": 0, "percent_statements_covered": 90.69767441860465, "percent_statements_covered_display": "91"}, "missing_lines": [204, 206, 207, 208, 209, 210, 211, 212], "excluded_lines": [], "start_line": 54}, "": {"executed_lines": [29, 31, 32, 33, 34, 35, 36, 37, 44, 45, 46, 47, 48, 49, 54, 69, 82, 109, 136, 169, 199, 214, 224, 225, 235, 241, 246, 248, 249, 250, 251, 255, 256, 258, 259, 267, 269, 270, 272, 273, 278, 281], "summary": {"covered_lines": 42, "num_statements": 47, "percent_covered": 89.36170212765957, "percent_covered_display": "89", "missing_lines": 5, "excluded_lines": 3, "percent_statements_covered": 89.36170212765957, "percent_statements_covered_display": "89"}, "missing_lines": [252, 253, 275, 276, 282], "excluded_lines": [39, 40, 41], "start_line": 1}}}, "inventory\\pnl.py": {"executed_lines": [17, 19, 20, 21, 22, 23, 24, 25, 26, 36, 37, 40, 41, 42, 43, 44, 45, 46, 47, 48, 51, 52, 55, 56, 57, 58, 59, 62, 68, 69, 71, 73, 74, 75, 76, 78, 79, 80, 81, 82, 84, 85, 87, 88, 89, 91, 105, 113, 115, 116, 117, 118, 120, 138, 139, 142, 143, 144, 145, 146, 147, 148, 149, 150, 153, 154, 162, 163, 164, 165, 166, 168, 169, 171, 173, 174, 176, 177, 178, 180, 181, 183, 185, 186, 188, 190, 191, 193, 194, 195, 203, 214, 215, 217, 219, 221, 241, 242, 256, 257, 258, 259, 260, 262, 263, 265, 266, 269, 270, 271, 272, 273, 275, 278, 279, 280, 281, 283, 297, 305, 306, 307, 308, 322, 324, 332, 348, 349, 350, 351, 352, 357, 362, 387, 389, 391, 392, 394, 434, 436, 437, 438, 449, 460, 466, 469, 470, 475, 476, 477, 480, 482, 484, 485, 486, 487, 488, 489, 490, 491, 492, 493, 494, 495, 496, 497, 498, 499, 501, 502, 503, 504, 505, 506, 507, 510, 511, 512, 513, 514, 515, 517, 518, 519, 520, 521, 522, 523, 524, 530, 535], "summary": {"covered_lines": 191, "num_statements": 193, "percent_covered": 98.96373056994818, "percent_covered_display": "99", "missing_lines": 2, "excluded_lines": 2, "percent_statements_covered": 98.96373056994818, "percent_statements_covered_display": "99"}, "missing_lines": [532, 536], "excluded_lines": [28, 29], "functions": {"PositionPnLEngine.__init__": {"executed_lines": [69], "summary": {"covered_lines": 1, "num_statements": 1, "percent_covered": 100.0, "percent_covered_display": "100", "missing_lines": 0, "excluded_lines": 0, "percent_statements_covered": 100.0, "percent_statements_covered_display": "100"}, "missing_lines": [], "excluded_lines": [], "start_line": 68}, "PositionPnLEngine.snapshot": {"executed_lines": [73, 74, 75, 76, 78, 79, 80, 81, 82, 84, 85, 87, 88, 89, 91, 105], "summary": {"covered_lines": 16, "num_statements": 16, "percent_covered": 100.0, "percent_covered_display": "100", "missing_lines": 0, "excluded_lines": 0, "percent_statements_covered": 100.0, "percent_statements_covered_display": "100"}, "missing_lines": [], "excluded_lines": [], "start_line": 71}, "PositionPnLEngine.asset_pnl": {"executed_lines": [115, 116, 117, 118, 120], "summary": {"covered_lines": 5, "num_statements": 5, "percent_covered": 100.0, "percent_covered_display": "100", "missing_lines": 0, "excluded_lines": 0, "percent_statements_covered": 100.0, "percent_statements_covered_display": "100"}, "missing_lines": [], "excluded_lines": [], "start_line": 113}, "ArbRecord.notional": {"executed_lines": [171], "summary": {"covered_lines": 1, "num_statements": 1, "percent_covered": 100.0, "percent_covered_display": "100", "missing_lines": 0, "excluded_lines": 0, "percent_statements_covered": 100.0, "percent_statements_covered_display": "100"}, "missing_lines": [], "excluded_lines": [], "start_line": 169}, "ArbRecord.gross_pnl": {"executed_lines": [176, 177, 178], "summary": {"covered_lines": 3, "num_statements": 3, "percent_covered": 100.0, "percent_covered_display": "100", "missing_lines": 0, "excluded_lines": 0, "percent_statements_covered": 100.0, "percent_statements_covered_display": "100"}, "missing_lines": [], "excluded_lines": [], "start_line": 174}, "ArbRecord.total_fees": {"executed_lines": [183], "summary": {"covered_lines": 1, "num_statements": 1, "percent_covered": 100.0, "percent_covered_display": "100", "missing_lines": 0, "excluded_lines": 0, "percent_statements_covered": 100.0, "percent_statements_covered_display": "100"}, "missing_lines": [], "excluded_lines": [], "start_line": 181}, "ArbRecord.net_pnl": {"executed_lines": [188], "summary": {"covered_lines": 1, "num_statements": 1, "percent_covered": 100.0, "percent_covered_display": "100", "missing_lines": 0, "excluded_lines": 0, "percent_statements_covered": 100.0, "percent_statements_covered_display": "100"}, "missing_lines": [], "excluded_lines": [], "start_line": 186}, "ArbRecord.net_pnl_bps": {"executed_lines": [193, 194, 195], "summary": {"covered_lines": 3, "num_statements": 3, "percent_covered": 100.0, "percent_covered_display": "100", "missing_lines": 0, "excluded_lines": 0, "percent_statements_covered": 100.0, "percent_statements_covered_display": "100"}, "missing_lines": [], "excluded_lines": [], "start_line": 191}, "PnLEngine.__init__": {"executed_lines": [215], "summary": {"covered_lines": 1, "num_statements": 1, "percent_covered": 100.0, "percent_covered_display": "100", "missing_lines": 0, "excluded_lines": 0, "percent_statements_covered": 100.0, "percent_statements_covered_display": "100"}, "missing_lines": [], "excluded_lines": [], "start_line": 214}, "PnLEngine.record": {"executed_lines": [219], "summary": {"covered_lines": 1, "num_statements": 1, "percent_covered": 100.0, "percent_covered_display": "100", "missing_lines": 0, "excluded_lines": 0, "percent_statements_covered": 100.0, "percent_statements_covered_display": "100"}, "missing_lines": [], "excluded_lines": [], "start_line": 217}, "PnLEngine.summary": {"executed_lines": [241, 242, 256, 257, 258, 259, 260, 262, 263, 265, 266, 269, 270, 271, 272, 273, 275, 278, 279, 280, 281, 283], "summary": {"covered_lines": 22, "num_statements": 22, "percent_covered": 100.0, "percent_covered_display": "100", "missing_lines": 0, "excluded_lines": 0, "percent_statements_covered": 100.0, "percent_statements_covered_display": "100"}, "missing_lines": [], "excluded_lines": [], "start_line": 221}, "PnLEngine.recent": {"executed_lines": [305, 306, 307, 308, 322], "summary": {"covered_lines": 5, "num_statements": 5, "percent_covered": 100.0, "percent_covered_display": "100", "missing_lines": 0, "excluded_lines": 0, "percent_statements_covered": 100.0, "percent_statements_covered_display": "100"}, "missing_lines": [], "excluded_lines": [], "start_line": 297}, "PnLEngine.export_csv": {"executed_lines": [332, 348, 349, 350, 351, 352, 357, 362], "summary": {"covered_lines": 8, "num_statements": 8, "percent_covered": 100.0, "percent_covered_display": "100", "missing_lines": 0, "excluded_lines": 0, "percent_statements_covered": 100.0, "percent_statements_covered_display": "100"}, "missing_lines": [], "excluded_lines": [], "start_line": 324}, "_make_demo_engine": {"executed_lines": [389, 391, 392, 394, 434, 436, 437, 438, 449, 460, 466], "summary": {"covered_lines": 11, "num_statements": 11, "percent_covered": 100.0, "percent_covered_display": "100", "missing_lines": 0, "excluded_lines": 0, "percent_statements_covered": 100.0, "percent_statements_covered_display": "100"}, "missing_lines": [], "excluded_lines": [], "start_line": 387}, "_run_cli": {"executed_lines": [470, 475, 476, 477, 480, 482, 484, 485, 486, 487, 488, 489, 490, 491, 492, 493, 494, 495, 496, 497, 498, 499, 501, 502, 503, 504, 505, 506, 507, 510, 511, 512, 513, 514, 515, 517, 518, 519, 520, 521, 522, 523, 524, 530], "summary": {"covered_lines": 44, "num_statements": 45, "percent_covered": 97.77777777777777, "percent_covered_display": "98", "missing_lines": 1, "excluded_lines": 0, "percent_statements_covered": 97.77777777777777, "percent_statements_covered_display": "98"}, "missing_lines": [532], "excluded_lines": [], "start_line": 469}, "": {"executed_lines": [17, 19, 20, 21, 22, 23, 24, 25, 26, 36, 37, 40, 41, 42, 43, 44, 45, 46, 47, 48, 51, 52, 55, 56, 57, 58, 59, 62, 68, 71, 113, 138, 139, 142, 143, 144, 145, 146, 147, 148, 149, 150, 153, 154, 162, 163, 164, 165, 166, 168, 169, 173, 174, 180, 181, 185, 186, 190, 191, 203, 214, 217, 221, 297, 324, 387, 469, 535], "summary": {"covered_lines": 68, "num_statements": 69, "percent_covered": 98.55072463768116, "percent_covered_display": "99", "missing_lines": 1, "excluded_lines": 2, "percent_statements_covered": 98.55072463768116, "percent_statements_covered_display": "99"}, "missing_lines": [536], "excluded_lines": [28, 29], "start_line": 1}}, "classes": {"PnLSnapshot": {"executed_lines": [], "summary": {"covered_lines": 0, "num_statements": 0, "percent_covered": 100.0, "percent_covered_display": "100", "missing_lines": 0, "excluded_lines": 0, "percent_statements_covered": 100.0, "percent_statements_covered_display": "100"}, "missing_lines": [], "excluded_lines": [], "start_line": 37}, "PortfolioPnL": {"executed_lines": [], "summary": {"covered_lines": 0, "num_statements": 0, "percent_covered": 100.0, "percent_covered_display": "100", "missing_lines": 0, "excluded_lines": 0, "percent_statements_covered": 100.0, "percent_statements_covered_display": "100"}, "missing_lines": [], "excluded_lines": [], "start_line": 52}, "PositionPnLEngine": {"executed_lines": [69, 73, 74, 75, 76, 78, 79, 80, 81, 82, 84, 85, 87, 88, 89, 9
[...]
nt_statements_covered_display": "100"}, "missing_lines": [], "excluded_lines": [], "start_line": 125}, "WeightRebalancePlanner._portfolio_value": {"executed_lines": [154, 155, 156, 157], "summary": {"covered_lines": 4, "num_statements": 4, "percent_covered": 100.0, "percent_covered_display": "100", "missing_lines": 0, "excluded_lines": 0, "percent_statements_covered": 100.0, "percent_statements_covered_display": "100"}, "missing_lines": [], "excluded_lines": [], "start_line": 149}, "WeightRebalancePlanner._deviation_bps": {"executed_lines": [162, 164], "summary": {"covered_lines": 2, "num_statements": 3, "percent_covered": 66.66666666666667, "percent_covered_display": "67", "missing_lines": 1, "excluded_lines": 0, "percent_statements_covered": 66.66666666666667, "percent_statements_covered_display": "67"}, "missing_lines": [163], "excluded_lines": [], "start_line": 160}, "TransferPlan.net_amount": {"executed_lines": [216], "summary": {"covered_lines": 1, "num_statements": 1, "percent_covered": 100.0, "percent_covered_display": "100", "missing_lines": 0, "excluded_lines": 0, "percent_statements_covered": 100.0, "percent_statements_covered_display": "100"}, "missing_lines": [], "excluded_lines": [], "start_line": 214}, "RebalancePlanner.__init__": {"executed_lines": [230, 231, 232], "summary": {"covered_lines": 3, "num_statements": 3, "percent_covered": 100.0, "percent_covered_display": "100", "missing_lines": 0, "excluded_lines": 0, "percent_statements_covered": 100.0, "percent_statements_covered_display": "100"}, "missing_lines": [], "excluded_lines": [], "start_line": 224}, "RebalancePlanner.check_all": {"executed_lines": [238], "summary": {"covered_lines": 1, "num_statements": 1, "percent_covered": 100.0, "percent_covered_display": "100", "missing_lines": 0, "excluded_lines": 0, "percent_statements_covered": 100.0, "percent_statements_covered_display": "100"}, "missing_lines": [], "excluded_lines": [], "start_line": 234}, "RebalancePlanner.plan": {"executed_lines": [244, 245, 246, 248, 249, 252, 253, 254, 257, 259, 265, 271, 272, 274, 275, 277, 278, 279, 280, 281, 282, 283, 284, 286, 287, 288, 289, 291, 293, 295, 296, 297, 298, 299, 301, 302, 303, 304, 306, 307, 318, 319, 320, 321, 322, 323, 325], "summary": {"covered_lines": 47, "num_statements": 50, "percent_covered": 94.0, "percent_covered_display": "94", "missing_lines": 3, "excluded_lines": 0, "percent_statements_covered": 94.0, "percent_statements_covered_display": "94"}, "missing_lines": [250, 255, 266], "excluded_lines": [], "start_line": 240}, "RebalancePlanner.plan._to_venue": {"executed_lines": [260, 261, 262], "summary": {"covered_lines": 3, "num_statements": 4, "percent_covered": 75.0, "percent_covered_display": "75", "missing_lines": 1, "excluded_lines": 0, "percent_statements_covered": 75.0, "percent_statements_covered_display": "75"}, "missing_lines": [263], "excluded_lines": [], "start_line": 259}, "RebalancePlanner.plan_all": {"executed_lines": [331, 332, 333, 334, 335, 336, 337, 338], "summary": {"covered_lines": 8, "num_statements": 8, "percent_covered": 100.0, "percent_covered_display": "100", "missing_lines": 0, "excluded_lines": 0, "percent_statements_covered": 100.0, "percent_statements_covered_display": "100"}, "missing_lines": [], "excluded_lines": [], "start_line": 327}, "RebalancePlanner.estimate_cost": {"executed_lines": [344, 345, 352, 353, 354, 356], "summary": {"covered_lines": 6, "num_statements": 6, "percent_covered": 100.0, "percent_covered_display": "100", "missing_lines": 0, "excluded_lines": 0, "percent_statements_covered": 100.0, "percent_statements_covered_display": "100"}, "missing_lines": [], "excluded_lines": [], "start_line": 340}, "_run_cli": {"executed_lines": [365, 375, 376, 377, 378, 381, 383, 385, 386, 393, 395, 397, 398, 399, 400, 401, 402, 403, 407, 409, 410, 411, 412, 415, 416, 417, 422, 423, 427, 429, 430, 431, 434, 435, 436, 437, 441, 442, 443, 447], "summary": {"covered_lines": 40, "num_statements": 45, "percent_covered": 88.88888888888889, "percent_covered_display": "89", "missing_lines": 5, "excluded_lines": 0, "percent_statements_covered": 88.88888888888889, "percent_statements_covered_display": "89"}, "missing_lines": [413, 414, 432, 433, 449], "excluded_lines": [], "start_line": 364}, "": {"executed_lines": [23, 25, 26, 27, 28, 29, 39, 40, 43, 44, 45, 46, 47, 48, 51, 56, 79, 125, 148, 149, 159, 160, 167, 194, 202, 203, 206, 207, 208, 209, 210, 211, 213, 214, 219, 224, 234, 240, 327, 340, 364, 452], "summary": {"covered_lines": 42, "num_statements": 43, "percent_covered": 97.67441860465117, "percent_covered_display": "98", "missing_lines": 1, "excluded_lines": 2, "percent_statements_covered": 97.67441860465117, "percent_statements_covered_display": "98"}, "missing_lines": [453], "excluded_lines": [31, 32], "start_line": 1}}, "classes": {"RebalanceOrder": {"executed_lines": [], "summary": {"covered_lines": 0, "num_statements": 0, "percent_covered": 100.0, "percent_covered_display": "100", "missing_lines": 0, "excluded_lines": 0, "percent_statements_covered": 100.0, "percent_statements_covered_display": "100"}, "missing_lines": [], "excluded_lines": [], "start_line": 40}, "WeightRebalancePlanner": {"executed_lines": [62, 63, 64, 68, 69, 70, 71, 72, 73, 75, 76, 77, 86, 87, 88, 90, 92, 93, 94, 95, 97, 98, 99, 101, 102, 103, 105, 106, 107, 108, 110, 111, 122, 123, 135, 136, 137, 139, 140, 141, 142, 143, 144, 146, 154, 155, 156, 157, 162, 164], "summary": {"covered_lines": 50, "num_statements": 51, "percent_covered": 98.03921568627452, "percent_covered_display": "98", "missing_lines": 1, "excluded_lines": 0, "percent_statements_covered": 98.03921568627452, "percent_statements_covered_display": "98"}, "missing_lines": [163], "excluded_lines": [], "start_line": 51}, "TransferPlan": {"executed_lines": [216], "summary": {"covered_lines": 1, "num_statements": 1, "percent_covered": 100.0, "percent_covered_display": "100", "missing_lines": 0, "excluded_lines": 0, "percent_statements_covered": 100.0, "percent_statements_covered_display": "100"}, "missing_lines": [], "excluded_lines": [], "start_line": 203}, "RebalancePlanner": {"executed_lines": [230, 231, 232, 238, 244, 245, 246, 248, 249, 252, 253, 254, 257, 259, 260, 261, 262, 265, 271, 272, 274, 275, 277, 278, 279, 280, 281, 282, 283, 284, 286, 287, 288, 289, 291, 293, 295, 296, 297, 298, 299, 301, 302, 303, 304, 306, 307, 318, 319, 320, 321, 322, 323, 325, 331, 332, 333, 334, 335, 336, 337, 338, 344, 345, 352, 353, 354, 356], "summary": {"covered_lines": 68, "num_statements": 72, "percent_covered": 94.44444444444444, "percent_covered_display": "94", "missing_lines": 4, "excluded_lines": 0, "percent_statements_covered": 94.44444444444444, "percent_statements_covered_display": "94"}, "missing_lines": [250, 255, 263, 266], "excluded_lines": [], "start_line": 219}, "": {"executed_lines": [23, 25, 26, 27, 28, 29, 39, 40, 43, 44, 45, 46, 47, 48, 51, 56, 79, 125, 148, 149, 159, 160, 167, 194, 202, 203, 206, 207, 208, 209, 210, 211, 213, 214, 219, 224, 234, 240, 327, 340, 364, 365, 375, 376, 377, 378, 381, 383, 385, 386, 393, 395, 397, 398, 399, 400, 401, 402, 403, 407, 409, 410, 411, 412, 415, 416, 417, 422, 423, 427, 429, 430, 431, 434, 435, 436, 437, 441, 442, 443, 447, 452], "summary": {"covered_lines": 82, "num_statements": 88, "percent_covered": 93.18181818181819, "percent_covered_display": "93", "missing_lines": 6, "excluded_lines": 2, "percent_statements_covered": 93.18181818181819, "percent_statements_covered_display": "93"}, "missing_lines": [413, 414, 432, 433, 449, 453], "excluded_lines": [31, 32], "start_line": 1}}}, "inventory\\tracker.py": {"executed_lines": [14, 16, 17, 18, 19, 20, 21, 23, 26, 27, 28, 31, 32, 35, 36, 37, 38, 39, 40, 43, 44, 47, 48, 49, 50, 51, 54, 59, 60, 61, 63, 72, 73, 74, 75, 76, 77, 78, 79, 81, 82, 86, 87, 89, 90, 91, 92, 94, 95, 96, 97, 98, 99, 100, 102, 103, 105, 106, 108, 109, 111, 112, 113, 114, 115, 117, 118, 119, 120, 121, 122, 124, 125, 126, 127, 130, 131, 134, 135, 136, 137, 139, 140, 141, 144, 150, 151, 152, 154, 158, 159, 160, 161, 162, 168, 170, 174, 175, 176, 181, 183, 187, 188, 190, 191, 192, 193, 194, 199, 201, 207, 209, 210, 212, 224, 225, 227, 228, 229, 233, 234, 239, 248, 262, 265, 266, 267, 268, 270, 271, 273, 274, 275, 277, 278, 280, 281, 283, 287, 288, 290, 291, 292, 293, 294, 296, 297, 298, 299, 301, 302, 303, 304, 306, 307, 308, 309, 315, 323, 327, 328, 329, 330], "summary": {"covered_lines": 163, "num_statements": 164, "percent_covered": 99.39024390243902, "percent_covered_display": "99", "missing_lines": 1, "excluded_lines": 0, "percent_statements_covered": 99.39024390243902, "percent_statements_covered_display": "99"}, "missing_lines": [263], "excluded_lines": [], "functions": {"CostBasisTracker.__init__": {"executed_lines": [60, 61], "summary": {"covered_lines": 2, "num_statements": 2, "percent_covered": 100.0, "percent_covered_display": "100", "missing_lines": 0, "excluded_lines": 0, "percent_statements_covered": 100.0, "percent_statements_covered_display": "100"}, "missing_lines": [], "excluded_lines": [], "start_line": 59}, "CostBasisTracker.record_fill": {"executed_lines": [72, 73, 74, 75, 76, 77, 78, 79, 81, 82, 86, 87, 89, 90, 91, 92, 94, 95, 96, 97, 98, 99, 100], "summary": {"covered_lines": 23, "num_statements": 23, "percent_covered": 100.0, "percent_covered_display": "100", "missing_lines": 0, "excluded_lines": 0, "percent_statements_covered": 100.0, "percent_statements_covered_display": "100"}, "missing_lines": [], "excluded_lines": [], "start_line": 63}, "CostBasisTracker.get_position": {"executed_lines": [103], "summary": {"covered_lines": 1, "num_statements": 1, "percent_covered": 100.0, "percent_covered_display": "100", "missing_lines": 0, "excluded_lines": 0, "percent_statements_covered": 100.0, "percent_statements_covered_display": "100"}, "missing_lines": [], "excluded_lines": [], "start_line": 102}, "CostBasisTracker.all_positions": {"executed_lines": [106], "summary": {"covered_lines": 1, "num_statements": 1, "percent_covered": 100.0, "percent_covered_display": "100", "missing_lines": 0, "excluded_lines": 0, "percent_statements_covered": 100.0, "percent_statements_covered_display": "100"}, "missing_lines": [], "excluded_lines": [], "start_line": 105}, "CostBasisTracker.all_positions_including_closed": {"executed_lines": [109], "summary": {"covered_lines": 1, "num_statements": 1, "percent_covered": 100.0, "percent_covered_display": "100", "missing_lines": 0, "excluded_lines": 0, "percent_statements_covered": 100.0, "percent_statements_covered_display": "100"}, "missing_lines": [], "excluded_lines": [], "start_line": 108}, "CostBasisTracker.unrealized_pnl": {"executed_lines": [112, 113, 114, 115], "summary": {"covered_lines": 4, "num_statements": 4, "percent_covered": 100.0, "percent_covered_display": "100", "missing_lines": 0, "excluded_lines": 0, "percent_statements_covered": 100.0, "percent_statements_covered_display": "100"}, "missing_lines": [], "excluded_lines": [], "start_line": 111}, "CostBasisTracker.total_exposure": {"executed_lines": [118, 119, 120, 121, 122], "summary": {"covered_lines": 5, "num_statements": 5, "percent_covered": 100.0, "percent_covered_display": "100", "missing_lines": 0, "excluded_lines": 0, "percent_statements_covered": 100.0, "percent_statements_covered_display": "100"}, "missing_lines": [], "excluded_lines": [], "start_line": 117}, "CostBasisTracker.trade_history": {"executed_lines": [125, 126, 127], "summary": {"covered_lines": 3, "num_statements": 3, "percent_covered": 100.0, "percent_covered_display": "100", "missing_lines": 0, "excluded_lines": 0, "percent_statements_covered": 100.0, "percent_statements_covered_display": "100"}, "missing_lines": [], "excluded_lines": [], "start_line": 124}, "Balance.total": {"executed_lines": [141], "summary": {"covered_lines": 1, "num_statements": 1, "percent_covered": 100.0, "percent_covered_display": "100", "missing_lines": 0, "excluded_lines": 0, "percent_statements_covered": 100.0, "percent_statements_covered_display": "100"}, "missing_lines": [], "excluded_lines": [], "start_line": 140}, "InventoryTracker.__init__": {"executed_lines": [151, 152], "summary": {"covered_lines": 2, "num_statements": 2, "percent_covered": 100.0, "percent_covered_display": "100", "missing_lines": 0, "excluded_lines": 0, "percent_statements_covered": 100.0, "percent_statements_covered_display": "100"}, "missing_lines": [], "excluded_lines": [], "start_line": 150}, "InventoryTracker.update_from_cex": {"executed_lines": [158, 159, 160, 161, 162, 168], "summary": {"covered_lines": 6, "num_statements": 6, "percent_covered": 100.0, "percent_covered_display": "100", "missing_lines": 0, "excluded_lines": 0, "percent_statements_covered": 100.0, "percent_statements_covered_display": "100"}, "missing_lines": [], "excluded_lines": [], "start_line": 154}, "InventoryTracker.update_from_wallet": {"executed_lines": [174, 175, 176, 181], "summary": {"covered_lines": 4, "num_statements": 4, "percent_covered": 100.0, "percent_covered_display": "100", "missing_lines": 0, "excluded_lines": 0, "percent_statements_covered": 100.0, "percent_statements_covered_display": "100"}, "missing_lines": [], "excluded_lines": [], "start_line": 170}, "InventoryTracker.snapshot": {"executed_lines": [187, 188, 190, 191, 192, 193, 194, 199, 201], "summary": {"covered_lines": 9, "num_statements": 9, "percent_covered": 100.0, "percent_covered_display": "100", "missing_lines": 0, "excluded_lines": 0, "percent_statements_covered": 100.0, "percent_statements_covered_display": "100"}, "missing_lines": [], "excluded_lines": [], "start_line": 183}, "InventoryTracker.get_available": {"executed_lines": [209, 210], "summary": {"covered_lines": 2, "num_statements": 2, "percent_covered": 100.0, "percent_covered_display": "100", "missing_lines": 0, "excluded_lines": 0, "percent_statements_covered": 100.0, "percent_statements_covered_display": "100"}, "missing_lines": [], "excluded_lines": [], "start_line": 207}, "InventoryTracker.can_execute": {"executed_lines": [224, 225, 227, 228, 229, 233, 234, 239], "summary": {"covered_lines": 8, "num_statements": 8, "percent_covered": 100.0, "percent_covered_display": "100", "missing_lines": 0, "excluded_lines": 0, "percent_statements_covered": 100.0, "percent_statements_covered_display": "100"}, "missing_lines": [], "excluded_lines": [], "start_line": 212}, "InventoryTracker.record_trade": {"executed_lines": [262, 265, 270, 271, 273, 274, 275, 277, 278, 280, 281], "summary": {"covered_lines": 11, "num_statements": 12, "percent_covered": 91.66666666666667, "percent_covered_display": "92", "missing_lines": 1, "excluded_lines": 0, "percent_statements_covered": 91.66666666666667, "percent_statements_covered_display": "92"}, "missing_lines": [263], "excluded_lines": [], "start_line": 248}, "InventoryTracker.record_trade._ensure": {"executed_lines": [266, 267, 268], "summary": {"covered_lines": 3, "num_statements": 3, "percent_covered": 100.0, "percent_covered_display": "100", "missing_lines": 0, "excluded_lines": 0, "percent_statements_covered": 100.0, "percent_statements_covered_display": "100"}, "missing_lines": [], "excluded_lines": [], "start_line": 265}, "InventoryTracker.skew": {"executed_lines": [287, 288, 290, 291, 292, 293, 294, 296, 297, 298, 299, 301, 302, 303, 304, 306, 307, 308, 309, 315], "summary": {"covered_lines": 20, "num_statements": 20, "percent_covered": 100.0, "percent_covered_display": "100", "missing_lines": 0, "excluded_lines": 0, "percent_statements_covered": 100.0, "percent_statements_covered_display": "100"}, "missing_lines": [], "excluded_lines": [], "start_line": 283}, "InventoryTracker.get_skews": {"executed_lines": [327, 328, 329, 330], "summary": {"covered_lines": 4, "num_statements": 4, "percent_covered": 100.0, "percent_covered_display": "100", "missing_lines": 0, "excluded_lines": 0, "percent_statements_covered": 100.0, "percent_statements_covered_display": "100"}, "missing_lines": [], "excluded_lines": [], "start_line": 323}, "": {"executed_lines": [14, 16, 17, 18, 19, 20, 21, 23, 26, 27, 28, 31, 32, 35, 36, 37, 38, 39, 40, 43, 44, 47, 48, 49, 50, 51, 54, 59, 63, 102, 105, 108, 111, 117, 124, 130, 131, 134, 135, 136, 137, 139, 140, 144, 150, 154, 170, 183, 207, 212, 248, 283, 323], "summary": {"covered_lines": 53, "num_statements": 53, "percent_covered": 100.0, "percent_covered_display": "100", "missing_lines": 0, "excluded_lines": 0, "percent_statements_covered": 100.0, "percent_statements_covered_display": "100"}, "missing_lines": [], "excluded_lines": [], "start_line": 1}}, "classes": {"Venue": {"executed_lines": [], "summary": {"covered_lines": 0, "num_statements": 0, "percent_covered": 100.0, "percent_covered_display": "100", "missing_lines": 0, "excluded_lines": 0, "percent_statements_covered": 100.0, "percent_statements_covered_display": "100"}, "missing_lines": [], "excluded_lines": [], "start_line": 26}, "Trade": {"executed_lines": [], "summary": {"covered_lines": 0, "num_statements": 0, "percent_covered": 100.0, "percent_covered_display": "100", "missing_lines": 0, "excluded_lines": 0, "percent_statements_covered": 100.0, "percent_statements_covered_display": "100"}, "missing_lines": [], "excluded_lines": [], "start_line": 32}, "Position": {"executed_lines": [], "summary": {"covered_lines": 0, "num_statements": 0, "percent_covered": 100.0, "percent_covered_display": "100", "missing_lines": 0, "excluded_lines": 0, "percent_statements_covered": 100.0, "percent_statements_covered_display": "100"}, "missing_lines": [], "excluded_lines": [], "start_line": 44}, "CostBasisTracker": {"executed_lines": [60, 61, 72, 73, 74, 75, 76, 77, 78, 79, 81, 82, 86, 87, 89, 90, 91, 92, 94, 95, 96, 97, 98, 99, 100, 103, 106, 109, 112, 113, 114, 115, 118, 119, 120, 121, 122, 125, 126, 127], "summary": {"covered_lines": 40, "num_statements": 40, "percent_covered": 100.0, "percent_covered_display": "100", "missing_lines": 0, "excluded_lines": 0, "percent_statements_covered": 100.0, "percent_statements_covered_display": "100"}, "missing_lines": [], "excluded_lines": [], "start_line": 54}, "Balance": {"executed_lines": [141], "summary": {"covered_lines": 1, "num_statements": 1, "percent_covered": 100.0, "percent_covered_display": "100", "missing_lines": 0, "excluded_lines": 0, "percent_statements_covered": 100.0, "percent_statements_covered_display": "100"}, "missing_lines": [], "excluded_lines": [], "start_line": 131}, "InventoryTracker": {"executed_lines": [151, 152, 158, 159, 160, 161, 162, 168, 174, 175, 176, 181, 187, 188, 190, 191, 192, 193, 194, 199, 201, 209, 210, 224, 225, 227, 228, 229, 233, 234, 239, 262, 265, 266, 267, 268, 270, 271, 273, 274, 275, 277, 278, 280, 281, 287, 288, 290, 291, 292, 293, 294, 296, 297, 298, 299, 301, 302, 303, 304, 306, 307, 308, 309, 315, 327, 328, 329, 330], "summary": {"covered_lines": 69, "num_statements": 70, "percent_covered": 98.57142857142857, "percent_covered_display": "99", "missing_lines": 1, "excluded_lines": 0, "percent_statements_covered": 98.57142857142857, "percent_statements_covered_display": "99"}, "missing_lines": [263], "excluded_lines": [], "start_line": 144}, "": {"executed_lines": [14, 16, 17, 18, 19, 20, 21, 23, 26, 27, 28, 31, 32, 35, 36, 37, 38, 39, 40, 43, 44, 47, 48, 49, 50, 51, 54, 59, 63, 102, 105, 108, 111, 117, 124, 130, 131, 134, 135, 136, 137, 139, 140, 144, 150, 154, 170, 183, 207, 212, 248, 283, 323], "summary": {"covered_lines": 53, "num_statements": 53, "percent_covered": 100.0, "percent_covered_display": "100", "missing_lines": 0, "excluded_lines": 0, "percent_statements_covered": 100.0, "percent_statements_covered_display": "100"}, "missing_lines": [], "excluded_lines": [], "start_line": 1}}}}, "totals": {"covered_lines": 1546, "num_statements": 1826, "percent_covered": 84.66593647316539, "percent_covered_display": "85", "missing_lines": 280, "excluded_lines": 12, "percent_statements_covered": 84.66593647316539, "percent_statements_covered_display": "85"}}
